#
# There is insufficient memory for the Java Runtime Environment to continue.
# Native memory allocation (mmap) failed to map 33554432 bytes. Error detail: G1 virtual space
# Possible reasons:
#   The system is out of physical RAM or swap space
#   This process is running with CompressedOops enabled, and the Java Heap may be blocking the growth of the native heap
# Possible solutions:
#   Reduce memory load on the system
#   Increase physical memory or swap space
#   Check if swap backing store is full
#   Decrease Java heap size (-Xmx/-Xms)
#   Decrease number of Java threads
#   Decrease Java thread stack sizes (-Xss)
#   Set larger code cache with -XX:ReservedCodeCacheSize=
#   JVM is running with Unscaled Compressed Oops mode in which the Java heap is
#     placed in the first 4GB address space. The Java Heap base address is the
#     maximum limit for the native heap growth. Please use -XX:HeapBaseMinAddress
#     to set the Java Heap base and to place the Java Heap above 4GB virtual address.
# This output file may be truncated or incomplete.
#
#  Out of Memory Error (os_windows.cpp:3828), pid=2816, tid=17636
#
# JRE version: OpenJDK Runtime Environment JBR-21.0.5+8-631.16-jcef (21.0.5+8) (build 21.0.5+8-b631.16)
# Java VM: OpenJDK 64-Bit Server VM JBR-21.0.5+8-631.16-jcef (21.0.5+8-b631.16, mixed mode, emulated-client, sharing, tiered, compressed oops, compressed class ptrs, g1 gc, windows-amd64)
# No core dump will be written. Minidumps are not enabled by default on client versions of Windows
#

---------------  S U M M A R Y ------------

Command Line: -agentlib:jdwp=transport=dt_socket,address=127.0.0.1:53965,suspend=y,server=n -agentpath:C:\Users\PMLS\AppData\Local\Temp\idea_libasyncProfiler_dll_temp_folder4\libasyncProfiler.dll=version,jfr,event=wall,interval=10ms,cstack=no,file=C:\Users\PMLS\IdeaSnapshots\BeApplication_2025_04_12_125148.jfr,dbghelppath=C:\Users\PMLS\AppData\Local\Temp\idea_dbghelp_dll_temp_folder\dbghelp.dll,log=C:\Users\PMLS\AppData\Local\Temp\BeApplication_2025_04_12_125148.jfr.log.txt,logLevel=DEBUG -XX:TieredStopAtLevel=1 -Dspring.profiles.active=local -Dspring.output.ansi.enabled=always -Dcom.sun.management.jmxremote -Dspring.jmx.enabled=true -Dspring.liveBeansView.mbeanDomain -Dspring.application.admin.enabled=true -Dmanagement.endpoints.jmx.exposure.include=* -javaagent:C:\Users\PMLS\AppData\Local\JetBrains\IntelliJIdea2024.3\captureAgent\debugger-agent.jar -Dkotlinx.coroutines.debug.enable.creation.stack.trace=false -Ddebugger.agent.enable.coroutines=true -Dkotlinx.coroutines.debug.enable.flows.stack.trace=true -Dkotlinx.coroutines.debug.enable.mutable.state.flows.stack.trace=true -Dfile.encoding=UTF-8 -Dsun.stdout.encoding=UTF-8 -Dsun.stderr.encoding=UTF-8 com.pos.be.BeApplication

Host: 12th Gen Intel(R) Core(TM) i5-1235U, 12 cores, 7G,  Windows 10 , 64 bit Build 19041 (10.0.19041.5678)
Time: Sat Apr 12 23:14:19 2025 Pakistan Standard Time elapsed time: 37351.480214 seconds (0d 10h 22m 31s)

---------------  T H R E A D  ---------------

Current thread (0x000001eb803e9da0):  VMThread "VM Thread"          [id=17636, stack(0x00000077e6400000,0x00000077e6500000) (1024K)]

Stack: [0x00000077e6400000,0x00000077e6500000]
Native frames: (J=compiled Java code, j=interpreted, Vv=VM code, C=native code)
V  [jvm.dll+0x6e52b9]
V  [jvm.dll+0x8c3633]
V  [jvm.dll+0x8c5b8e]
V  [jvm.dll+0x8c6273]
V  [jvm.dll+0x288f46]
V  [jvm.dll+0x6e1a35]
V  [jvm.dll+0x6d5e3a]
V  [jvm.dll+0x3634bb]
V  [jvm.dll+0x36b086]
V  [jvm.dll+0x3bd346]
V  [jvm.dll+0x3bd618]
V  [jvm.dll+0x335c2c]
V  [jvm.dll+0x335cb7]
V  [jvm.dll+0x37bacc]
V  [jvm.dll+0x37a27e]
V  [jvm.dll+0x335381]
V  [jvm.dll+0x379990]
V  [jvm.dll+0x8cbff8]
V  [jvm.dll+0x8cd374]
V  [jvm.dll+0x8cd8b0]
V  [jvm.dll+0x8cdb43]
V  [jvm.dll+0x86b248]
V  [jvm.dll+0x6e3abd]
C  [ucrtbase.dll+0x21bb2]
C  [KERNEL32.DLL+0x17374]
C  [ntdll.dll+0x4cc91]

VM_Operation (0x00000077e6df05a0): G1CollectForAllocation, mode: safepoint, requested by thread 0x000001ebdd073f10


---------------  P R O C E S S  ---------------

Threads class SMR info:
_java_thread_list=0x000001ebdc5fceb0, length=34, elements={
0x000001eb80407c30, 0x000001eb80408940, 0x000001eb8040af90, 0x000001eb8040bbf0,
0x000001eb8040d640, 0x000001eb8040e6e0, 0x000001eb891d57a0, 0x000001eb892dc5d0,
0x000001eb89357490, 0x000001eb8937dfc0, 0x000001eb8937ea50, 0x000001eb892dd980,
0x000001eb892dab90, 0x000001ebcfc9d690, 0x000001ebd22fff20, 0x000001ebd23012d0,
0x000001ebd2302d10, 0x000001ebd23033a0, 0x000001ebd3a70880, 0x000001ebd61dfd40,
0x000001ebd61e7360, 0x000001ebd61e79f0, 0x000001ebd61e10f0, 0x000001ebd61e8da0,
0x000001ebd61ea7e0, 0x000001ebd61eb500, 0x000001ebd61ebb90, 0x000001ebdd073880,
0x000001ebdd06d610, 0x000001ebdbeef2c0, 0x000001ebdd075950, 0x000001ebdd0724d0,
0x000001ebdd073f10, 0x000001ebdc760060
}

Java Threads: ( => current thread )
  0x000001eb80407c30 JavaThread "Reference Handler"          daemon [_thread_blocked, id=18128, stack(0x00000077e6500000,0x00000077e6600000) (1024K)]
  0x000001eb80408940 JavaThread "Finalizer"                  daemon [_thread_blocked, id=16132, stack(0x00000077e6600000,0x00000077e6700000) (1024K)]
  0x000001eb8040af90 JavaThread "Signal Dispatcher"          daemon [_thread_blocked, id=17620, stack(0x00000077e6700000,0x00000077e6800000) (1024K)]
  0x000001eb8040bbf0 JavaThread "Attach Listener"            daemon [_thread_blocked, id=5428, stack(0x00000077e6800000,0x00000077e6900000) (1024K)]
  0x000001eb8040d640 JavaThread "Service Thread"             daemon [_thread_blocked, id=3748, stack(0x00000077e6900000,0x00000077e6a00000) (1024K)]
  0x000001eb8040e6e0 JavaThread "Monitor Deflation Thread"   daemon [_thread_blocked, id=17564, stack(0x00000077e6a00000,0x00000077e6b00000) (1024K)]
  0x000001eb891d57a0 JavaThread "C1 CompilerThread0"         daemon [_thread_blocked, id=17676, stack(0x00000077e6b00000,0x00000077e6c00000) (1024K)]
  0x000001eb892dc5d0 JavaThread "Common-Cleaner"             daemon [_thread_blocked, id=16392, stack(0x00000077e6c00000,0x00000077e6d00000) (1024K)]
  0x000001eb89357490 JavaThread "JDWP Transport Listener: dt_socket" daemon [_thread_blocked, id=17696, stack(0x00000077e6e00000,0x00000077e6f00000) (1024K)]
  0x000001eb8937dfc0 JavaThread "JDWP Event Helper Thread"   daemon [_thread_blocked, id=8704, stack(0x00000077e6f00000,0x00000077e7000000) (1024K)]
  0x000001eb8937ea50 JavaThread "JDWP Command Reader"        daemon [_thread_in_native, id=13280, stack(0x00000077e7000000,0x00000077e7100000) (1024K)]
  0x000001eb892dd980 JavaThread "Notification Thread"        daemon [_thread_blocked, id=16560, stack(0x00000077e7100000,0x00000077e7200000) (1024K)]
  0x000001eb892dab90 JavaThread "RMI TCP Accept-0"           daemon [_thread_in_native, id=5756, stack(0x00000077e7400000,0x00000077e7500000) (1024K)]
  0x000001ebcfc9d690 JavaThread "RMI Scheduler(0)"           daemon [_thread_blocked, id=17704, stack(0x00000077e8100000,0x00000077e8200000) (1024K)]
  0x000001ebd22fff20 JavaThread "Catalina-utility-1"                [_thread_blocked, id=3052, stack(0x00000077e8400000,0x00000077e8500000) (1024K)]
  0x000001ebd23012d0 JavaThread "Catalina-utility-2"                [_thread_blocked, id=17848, stack(0x00000077e8500000,0x00000077e8600000) (1024K)]
  0x000001ebd2302d10 JavaThread "container-0"                       [_thread_blocked, id=1332, stack(0x00000077e8600000,0x00000077e8700000) (1024K)]
  0x000001ebd23033a0 JavaThread "mysql-cj-abandoned-connection-cleanup" daemon [_thread_blocked, id=8892, stack(0x00000077e8700000,0x00000077e8800000) (1024K)]
  0x000001ebd3a70880 JavaThread "HikariPool-1 housekeeper"   daemon [_thread_blocked, id=3040, stack(0x00000077e8900000,0x00000077e8a00000) (1024K)]
  0x000001ebd61dfd40 JavaThread "File Watcher"               daemon [_thread_blocked, id=5460, stack(0x00000077e8a00000,0x00000077e8b00000) (1024K)]
  0x000001ebd61e7360 JavaThread "Live Reload Server"         daemon [_thread_in_native, id=17924, stack(0x00000077e8c00000,0x00000077e8d00000) (1024K)]
  0x000001ebd61e79f0 JavaThread "http-nio-8080-exec-1"       daemon [_thread_blocked, id=17212, stack(0x00000077e8b00000,0x00000077e8c00000) (1024K)]
  0x000001ebd61e10f0 JavaThread "http-nio-8080-exec-4"       daemon [_thread_blocked, id=7916, stack(0x00000077e8f00000,0x00000077e9000000) (1024K)]
  0x000001ebd61e8da0 JavaThread "http-nio-8080-exec-8"       daemon [_thread_blocked, id=13800, stack(0x00000077e9300000,0x00000077e9400000) (1024K)]
  0x000001ebd61ea7e0 JavaThread "http-nio-8080-Poller"       daemon [_thread_in_native, id=17364, stack(0x00000077e9600000,0x00000077e9700000) (1024K)]
  0x000001ebd61eb500 JavaThread "http-nio-8080-Acceptor"     daemon [_thread_in_native, id=6228, stack(0x00000077e9700000,0x00000077e9800000) (1024K)]
  0x000001ebd61ebb90 JavaThread "DestroyJavaVM"                     [_thread_blocked, id=12172, stack(0x00000077e5d00000,0x00000077e5e00000) (1024K)]
  0x000001ebdd073880 JavaThread "http-nio-8080-exec-12"      daemon [_thread_in_native, id=9932, stack(0x00000077e5c00000,0x00000077e5d00000) (1024K)]
  0x000001ebdd06d610 JavaThread "http-nio-8080-exec-18"      daemon [_thread_blocked, id=15456, stack(0x00000077e7e00000,0x00000077e7f00000) (1024K)]
  0x000001ebdbeef2c0 JavaThread "http-nio-8080-exec-20"      daemon [_thread_blocked, id=20816, stack(0x00000077e7f00000,0x00000077e8000000) (1024K)]
  0x000001ebdd075950 JavaThread "http-nio-8080-exec-21"      daemon [_thread_blocked, id=16272, stack(0x00000077e5a00000,0x00000077e5b00000) (1024K)]
  0x000001ebdd0724d0 JavaThread "http-nio-8080-exec-22"      daemon [_thread_blocked, id=21212, stack(0x00000077e7200000,0x00000077e7300000) (1024K)]
  0x000001ebdd073f10 JavaThread "http-nio-8080-exec-23"      daemon [_thread_blocked, id=16692, stack(0x00000077e6d00000,0x00000077e6e00000) (1024K)]
  0x000001ebdc760060 JavaThread "http-nio-8080-exec-25"      daemon [_thread_blocked, id=24840, stack(0x00000077e5b00000,0x00000077e5c00000) (1024K)]
Total: 34

Other Threads:
=>0x000001eb803e9da0 VMThread "VM Thread"                           [id=17636, stack(0x00000077e6400000,0x00000077e6500000) (1024K)]
  0x000001eb891cc0c0 WatcherThread "VM Periodic Task Thread"        [id=18364, stack(0x00000077e6300000,0x00000077e6400000) (1024K)]
  0x000001eb802c5f70 WorkerThread "GC Thread#0"                     [id=17004, stack(0x00000077e5e00000,0x00000077e5f00000) (1024K)]
  0x000001ebcf5e27a0 WorkerThread "GC Thread#1"                     [id=15464, stack(0x00000077e7500000,0x00000077e7600000) (1024K)]
  0x000001ebcf5e1cc0 WorkerThread "GC Thread#2"                     [id=15332, stack(0x00000077e7600000,0x00000077e7700000) (1024K)]
  0x000001ebcf5e2400 WorkerThread "GC Thread#3"                     [id=18212, stack(0x00000077e7700000,0x00000077e7800000) (1024K)]
  0x000001ebcf5e0e40 WorkerThread "GC Thread#4"                     [id=17020, stack(0x00000077e7800000,0x00000077e7900000) (1024K)]
  0x000001ebcf5e11e0 WorkerThread "GC Thread#5"                     [id=16920, stack(0x00000077e7900000,0x00000077e7a00000) (1024K)]
  0x000001ebcf5e1580 WorkerThread "GC Thread#6"                     [id=12328, stack(0x00000077e7a00000,0x00000077e7b00000) (1024K)]
  0x000001ebcf5e1920 WorkerThread "GC Thread#7"                     [id=11216, stack(0x00000077e7b00000,0x00000077e7c00000) (1024K)]
  0x000001ebcf753b50 WorkerThread "GC Thread#8"                     [id=15460, stack(0x00000077e7c00000,0x00000077e7d00000) (1024K)]
  0x000001ebcf752cd0 WorkerThread "GC Thread#9"                     [id=2384, stack(0x00000077e7d00000,0x00000077e7e00000) (1024K)]
  0x000001eb802d69b0 ConcurrentGCThread "G1 Main Marker"            [id=16776, stack(0x00000077e5f00000,0x00000077e6000000) (1024K)]
  0x000001eb802d73c0 WorkerThread "G1 Conc#0"                       [id=7520, stack(0x00000077e6000000,0x00000077e6100000) (1024K)]
  0x000001ebcf752930 WorkerThread "G1 Conc#1"                       [id=15536, stack(0x00000077e8200000,0x00000077e8300000) (1024K)]
  0x000001ebcf750c30 WorkerThread "G1 Conc#2"                       [id=18016, stack(0x00000077e8300000,0x00000077e8400000) (1024K)]
  0x000001eb8037a4d0 ConcurrentGCThread "G1 Refine#0"               [id=6232, stack(0x00000077e6100000,0x00000077e6200000) (1024K)]
  0x000001eb8037cf60 ConcurrentGCThread "G1 Service"                [id=13200, stack(0x00000077e6200000,0x00000077e6300000) (1024K)]
Total: 18

Threads with active compile tasks:
Total: 0

VM state: at safepoint (normal execution)

VM Mutex/Monitor currently owned by a thread:  ([mutex/lock_event])
[0x00007fff0997ea30] Threads_lock - owner thread: 0x000001eb803e9da0
[0x00007fff0997eb30] Heap_lock - owner thread: 0x000001ebdd073f10

Heap address: 0x0000000084400000, size: 1980 MB, Compressed Oops mode: 32-bit

CDS archive(s) mapped at: [0x000001eb8a000000-0x000001eb8ad00000-0x000001eb8ad00000), size 13631488, SharedBaseAddress: 0x000001eb8a000000, ArchiveRelocationMode: 1.
Compressed class space mapped at: 0x000001eb8b000000-0x000001ebcb000000, reserved size: 1073741824
Narrow klass base: 0x000001eb8a000000, Narrow klass shift: 0, Narrow klass range: 0x100000000

GC Precious Log:
 CardTable entry size: 512
 Card Set container configuration: InlinePtr #cards 5 size 8 Array Of Cards #cards 12 size 40 Howl #buckets 4 coarsen threshold 1843 Howl Bitmap #cards 512 size 80 coarsen threshold 460 Card regions per heap region 1 cards per card region 2048
 CPUs: 12 total, 12 available
 Memory: 7916M
 Large Page Support: Disabled
 NUMA Support: Disabled
 Compressed Oops: Enabled (32-bit)
 Heap Region Size: 1M
 Heap Min Capacity: 8M
 Heap Initial Capacity: 124M
 Heap Max Capacity: 1980M
 Pre-touch: Disabled
 Parallel Workers: 10
 Concurrent Workers: 3
 Concurrent Refinement Workers: 10
 Periodic GC: Disabled

Heap:
 garbage-first heap   total 163840K, used 48189K [0x0000000084400000, 0x0000000100000000)
  region size 1024K, 1 young (1024K), 1 survivors (1024K)
 Metaspace       used 103371K, committed 104640K, reserved 1179648K
  class space    used 14523K, committed 15104K, reserved 1048576K

Heap Regions: E=young(eden), S=young(survivor), O=old, HS=humongous(starts), HC=humongous(continues), CS=collection set, F=free, TAMS=top-at-mark-start, PB=parsable bottom
|   0|0x0000000084400000, 0x0000000084500000, 0x0000000084500000|100%|HS|  |TAMS 0x0000000084400000| PB 0x0000000084400000| Complete 
|   1|0x0000000084500000, 0x0000000084600000, 0x0000000084600000|100%| O|  |TAMS 0x0000000084500000| PB 0x0000000084500000| Untracked 
|   2|0x0000000084600000, 0x0000000084700000, 0x0000000084700000|100%| O|  |TAMS 0x0000000084600000| PB 0x0000000084600000| Untracked 
|   3|0x0000000084700000, 0x0000000084800000, 0x0000000084800000|100%| O|  |TAMS 0x0000000084700000| PB 0x0000000084700000| Untracked 
|   4|0x0000000084800000, 0x0000000084900000, 0x0000000084900000|100%| O|  |TAMS 0x0000000084800000| PB 0x0000000084800000| Untracked 
|   5|0x0000000084900000, 0x0000000084a00000, 0x0000000084a00000|100%| O|  |TAMS 0x0000000084900000| PB 0x0000000084900000| Untracked 
|   6|0x0000000084a00000, 0x0000000084b00000, 0x0000000084b00000|100%| O|  |TAMS 0x0000000084a00000| PB 0x0000000084a00000| Untracked 
|   7|0x0000000084b00000, 0x0000000084c00000, 0x0000000084c00000|100%| O|  |TAMS 0x0000000084b00000| PB 0x0000000084b00000| Untracked 
|   8|0x0000000084c00000, 0x0000000084d00000, 0x0000000084d00000|100%| O|  |TAMS 0x0000000084c00000| PB 0x0000000084c00000| Untracked 
|   9|0x0000000084d00000, 0x0000000084e00000, 0x0000000084e00000|100%| O|  |TAMS 0x0000000084d00000| PB 0x0000000084d00000| Untracked 
|  10|0x0000000084e00000, 0x0000000084f00000, 0x0000000084f00000|100%| O|  |TAMS 0x0000000084e00000| PB 0x0000000084e00000| Untracked 
|  11|0x0000000084f00000, 0x0000000085000000, 0x0000000085000000|100%| O|  |TAMS 0x0000000084f00000| PB 0x0000000084f00000| Untracked 
|  12|0x0000000085000000, 0x0000000085100000, 0x0000000085100000|100%| O|  |TAMS 0x0000000085000000| PB 0x0000000085000000| Untracked 
|  13|0x0000000085100000, 0x00000000851fafc0, 0x0000000085200000| 98%| O|  |TAMS 0x0000000085100000| PB 0x0000000085100000| Untracked 
|  14|0x0000000085200000, 0x0000000085300000, 0x0000000085300000|100%| O|  |TAMS 0x0000000085200000| PB 0x0000000085200000| Untracked 
|  15|0x0000000085300000, 0x0000000085400000, 0x0000000085400000|100%| O|  |TAMS 0x0000000085300000| PB 0x0000000085300000| Untracked 
|  16|0x0000000085400000, 0x0000000085500000, 0x0000000085500000|100%| O|  |TAMS 0x0000000085400000| PB 0x0000000085400000| Untracked 
|  17|0x0000000085500000, 0x0000000085600000, 0x0000000085600000|100%| O|  |TAMS 0x0000000085500000| PB 0x0000000085500000| Untracked 
|  18|0x0000000085600000, 0x0000000085700000, 0x0000000085700000|100%| O|  |TAMS 0x0000000085600000| PB 0x0000000085600000| Untracked 
|  19|0x0000000085700000, 0x0000000085800000, 0x0000000085800000|100%| O|  |TAMS 0x0000000085700000| PB 0x0000000085700000| Untracked 
|  20|0x0000000085800000, 0x0000000085900000, 0x0000000085900000|100%| O|  |TAMS 0x0000000085800000| PB 0x0000000085800000| Untracked 
|  21|0x0000000085900000, 0x0000000085a00000, 0x0000000085a00000|100%| O|  |TAMS 0x0000000085900000| PB 0x0000000085900000| Untracked 
|  22|0x0000000085a00000, 0x0000000085b00000, 0x0000000085b00000|100%| O|  |TAMS 0x0000000085a00000| PB 0x0000000085a00000| Untracked 
|  23|0x0000000085b00000, 0x0000000085c00000, 0x0000000085c00000|100%| O|  |TAMS 0x0000000085b00000| PB 0x0000000085b00000| Untracked 
|  24|0x0000000085c00000, 0x0000000085d00000, 0x0000000085d00000|100%| O|  |TAMS 0x0000000085c00000| PB 0x0000000085c00000| Untracked 
|  25|0x0000000085d00000, 0x0000000085dea0f8, 0x0000000085e00000| 91%| O|Cm|TAMS 0x0000000085d00000| PB 0x0000000085d00000| Complete 
|  26|0x0000000085e00000, 0x0000000085f00000, 0x0000000085f00000|100%| O|  |TAMS 0x0000000085e00000| PB 0x0000000085e00000| Untracked 
|  27|0x0000000085f00000, 0x0000000086000000, 0x0000000086000000|100%| O|  |TAMS 0x0000000085f00000| PB 0x0000000085f00000| Untracked 
|  28|0x0000000086000000, 0x0000000086100000, 0x0000000086100000|100%| O|  |TAMS 0x0000000086000000| PB 0x0000000086000000| Untracked 
|  29|0x0000000086100000, 0x0000000086100000, 0x0000000086200000|  0%| F|  |TAMS 0x0000000086100000| PB 0x0000000086100000| Untracked 
|  30|0x0000000086200000, 0x0000000086300000, 0x0000000086300000|100%| O|  |TAMS 0x0000000086200000| PB 0x0000000086200000| Untracked 
|  31|0x0000000086300000, 0x0000000086400000, 0x0000000086400000|100%| O|  |TAMS 0x0000000086300000| PB 0x0000000086300000| Untracked 
|  32|0x0000000086400000, 0x0000000086500000, 0x0000000086500000|100%| O|  |TAMS 0x0000000086400000| PB 0x0000000086400000| Untracked 
|  33|0x0000000086500000, 0x0000000086600000, 0x0000000086600000|100%| O|  |TAMS 0x0000000086500000| PB 0x0000000086500000| Untracked 
|  34|0x0000000086600000, 0x0000000086600000, 0x0000000086700000|  0%| F|  |TAMS 0x0000000086600000| PB 0x0000000086600000| Untracked 
|  35|0x0000000086700000, 0x0000000086800000, 0x0000000086800000|100%| O|  |TAMS 0x0000000086700000| PB 0x0000000086700000| Untracked 
|  36|0x0000000086800000, 0x0000000086900000, 0x0000000086900000|100%| O|  |TAMS 0x0000000086800000| PB 0x0000000086800000| Untracked 
|  37|0x0000000086900000, 0x0000000086a00000, 0x0000000086a00000|100%| O|  |TAMS 0x0000000086900000| PB 0x0000000086900000| Untracked 
|  38|0x0000000086a00000, 0x0000000086a00000, 0x0000000086b00000|  0%| F|  |TAMS 0x0000000086a00000| PB 0x0000000086a00000| Untracked 
|  39|0x0000000086b00000, 0x0000000086b00000, 0x0000000086c00000|  0%| F|  |TAMS 0x0000000086b00000| PB 0x0000000086b00000| Untracked 
|  40|0x0000000086c00000, 0x0000000086d00000, 0x0000000086d00000|100%| O|  |TAMS 0x0000000086c00000| PB 0x0000000086c00000| Untracked 
|  41|0x0000000086d00000, 0x0000000086d00000, 0x0000000086e00000|  0%| F|  |TAMS 0x0000000086d00000| PB 0x0000000086d00000| Untracked 
|  42|0x0000000086e00000, 0x0000000086e00000, 0x0000000086f00000|  0%| F|  |TAMS 0x0000000086e00000| PB 0x0000000086e00000| Untracked 
|  43|0x0000000086f00000, 0x0000000086f00000, 0x0000000087000000|  0%| F|  |TAMS 0x0000000086f00000| PB 0x0000000086f00000| Untracked 
|  44|0x0000000087000000, 0x0000000087100000, 0x0000000087100000|100%| O|  |TAMS 0x0000000087000000| PB 0x0000000087000000| Untracked 
|  45|0x0000000087100000, 0x0000000087200000, 0x0000000087200000|100%| O|  |TAMS 0x0000000087100000| PB 0x0000000087100000| Untracked 
|  46|0x0000000087200000, 0x0000000087200000, 0x0000000087300000|  0%| F|  |TAMS 0x0000000087200000| PB 0x0000000087200000| Untracked 
|  47|0x0000000087300000, 0x0000000087300000, 0x0000000087400000|  0%| F|  |TAMS 0x0000000087300000| PB 0x0000000087300000| Untracked 
|  48|0x0000000087400000, 0x0000000087400000, 0x0000000087500000|  0%| F|  |TAMS 0x0000000087400000| PB 0x0000000087400000| Untracked 
|  49|0x0000000087500000, 0x0000000087500000, 0x0000000087600000|  0%| F|  |TAMS 0x0000000087500000| PB 0x0000000087500000| Untracked 
|  50|0x0000000087600000, 0x0000000087600000, 0x0000000087700000|  0%| F|  |TAMS 0x0000000087600000| PB 0x0000000087600000| Untracked 
|  51|0x0000000087700000, 0x0000000087700000, 0x0000000087800000|  0%| F|  |TAMS 0x0000000087700000| PB 0x0000000087700000| Untracked 
|  52|0x0000000087800000, 0x0000000087800000, 0x0000000087900000|  0%| F|  |TAMS 0x0000000087800000| PB 0x0000000087800000| Untracked 
|  53|0x0000000087900000, 0x0000000087a00000, 0x0000000087a00000|100%| O|  |TAMS 0x0000000087900000| PB 0x0000000087900000| Untracked 
|  54|0x0000000087a00000, 0x0000000087b00000, 0x0000000087b00000|100%| O|  |TAMS 0x0000000087a00000| PB 0x0000000087a00000| Untracked 
|  55|0x0000000087b00000, 0x0000000087b00000, 0x0000000087c00000|  0%| F|  |TAMS 0x0000000087b00000| PB 0x0000000087b00000| Untracked 
|  56|0x0000000087c00000, 0x0000000087d00000, 0x0000000087d00000|100%| O|  |TAMS 0x0000000087c00000| PB 0x0000000087c00000| Untracked 
|  57|0x0000000087d00000, 0x0000000087e00000, 0x0000000087e00000|100%| O|  |TAMS 0x0000000087d00000| PB 0x0000000087d00000| Untracked 
|  58|0x0000000087e00000, 0x0000000087e00000, 0x0000000087f00000|  0%| F|  |TAMS 0x0000000087e00000| PB 0x0000000087e00000| Untracked 
|  59|0x0000000087f00000, 0x0000000088000000, 0x0000000088000000|100%| O|  |TAMS 0x0000000087f00000| PB 0x0000000087f00000| Untracked 
|  60|0x0000000088000000, 0x0000000088100000, 0x0000000088100000|100%| O|  |TAMS 0x0000000088000000| PB 0x0000000088000000| Untracked 
|  61|0x0000000088100000, 0x0000000088200000, 0x0000000088200000|100%| O|  |TAMS 0x0000000088100000| PB 0x0000000088100000| Untracked 
|  62|0x0000000088200000, 0x000000008822a540, 0x0000000088300000| 16%| S|CS|TAMS 0x0000000088200000| PB 0x0000000088200000| Complete 
|  63|0x0000000088300000, 0x0000000088300000, 0x0000000088400000|  0%| F|  |TAMS 0x0000000088300000| PB 0x0000000088300000| Untracked 
|  64|0x0000000088400000, 0x0000000088500000, 0x0000000088500000|100%| O|  |TAMS 0x0000000088400000| PB 0x0000000088400000| Untracked 
|  65|0x0000000088500000, 0x0000000088500000, 0x0000000088600000|  0%| F|  |TAMS 0x0000000088500000| PB 0x0000000088500000| Untracked 
|  66|0x0000000088600000, 0x0000000088600000, 0x0000000088700000|  0%| F|  |TAMS 0x0000000088600000| PB 0x0000000088600000| Untracked 
|  67|0x0000000088700000, 0x0000000088700000, 0x0000000088800000|  0%| F|  |TAMS 0x0000000088700000| PB 0x0000000088700000| Untracked 
|  68|0x0000000088800000, 0x0000000088800000, 0x0000000088900000|  0%| F|  |TAMS 0x0000000088800000| PB 0x0000000088800000| Untracked 
|  69|0x0000000088900000, 0x0000000088900000, 0x0000000088a00000|  0%| F|  |TAMS 0x0000000088900000| PB 0x0000000088900000| Untracked 
|  70|0x0000000088a00000, 0x0000000088a00000, 0x0000000088b00000|  0%| F|  |TAMS 0x0000000088a00000| PB 0x0000000088a00000| Untracked 
|  71|0x0000000088b00000, 0x0000000088b00000, 0x0000000088c00000|  0%| F|  |TAMS 0x0000000088b00000| PB 0x0000000088b00000| Untracked 
|  72|0x0000000088c00000, 0x0000000088c00000, 0x0000000088d00000|  0%| F|  |TAMS 0x0000000088c00000| PB 0x0000000088c00000| Untracked 
|  73|0x0000000088d00000, 0x0000000088d00000, 0x0000000088e00000|  0%| F|  |TAMS 0x0000000088d00000| PB 0x0000000088d00000| Untracked 
|  74|0x0000000088e00000, 0x0000000088e00000, 0x0000000088f00000|  0%| F|  |TAMS 0x0000000088e00000| PB 0x0000000088e00000| Untracked 
|  75|0x0000000088f00000, 0x0000000088f00000, 0x0000000089000000|  0%| F|  |TAMS 0x0000000088f00000| PB 0x0000000088f00000| Untracked 
|  76|0x0000000089000000, 0x0000000089000000, 0x0000000089100000|  0%| F|  |TAMS 0x0000000089000000| PB 0x0000000089000000| Untracked 
|  77|0x0000000089100000, 0x0000000089100000, 0x0000000089200000|  0%| F|  |TAMS 0x0000000089100000| PB 0x0000000089100000| Untracked 
|  78|0x0000000089200000, 0x0000000089200000, 0x0000000089300000|  0%| F|  |TAMS 0x0000000089200000| PB 0x0000000089200000| Untracked 
|  79|0x0000000089300000, 0x0000000089300000, 0x0000000089400000|  0%| F|  |TAMS 0x0000000089300000| PB 0x0000000089300000| Untracked 
|  80|0x0000000089400000, 0x0000000089400000, 0x0000000089500000|  0%| F|  |TAMS 0x0000000089400000| PB 0x0000000089400000| Untracked 
|  81|0x0000000089500000, 0x0000000089500000, 0x0000000089600000|  0%| F|  |TAMS 0x0000000089500000| PB 0x0000000089500000| Untracked 
|  82|0x0000000089600000, 0x0000000089600000, 0x0000000089700000|  0%| F|  |TAMS 0x0000000089600000| PB 0x0000000089600000| Untracked 
|  83|0x0000000089700000, 0x0000000089700000, 0x0000000089800000|  0%| F|  |TAMS 0x0000000089700000| PB 0x0000000089700000| Untracked 
|  84|0x0000000089800000, 0x0000000089800000, 0x0000000089900000|  0%| F|  |TAMS 0x0000000089800000| PB 0x0000000089800000| Untracked 
|  85|0x0000000089900000, 0x0000000089900000, 0x0000000089a00000|  0%| F|  |TAMS 0x0000000089900000| PB 0x0000000089900000| Untracked 
|  86|0x0000000089a00000, 0x0000000089a00000, 0x0000000089b00000|  0%| F|  |TAMS 0x0000000089a00000| PB 0x0000000089a00000| Untracked 
|  87|0x0000000089b00000, 0x0000000089b00000, 0x0000000089c00000|  0%| F|  |TAMS 0x0000000089b00000| PB 0x0000000089b00000| Untracked 
|  88|0x0000000089c00000, 0x0000000089c00000, 0x0000000089d00000|  0%| F|  |TAMS 0x0000000089c00000| PB 0x0000000089c00000| Untracked 
|  89|0x0000000089d00000, 0x0000000089d00000, 0x0000000089e00000|  0%| F|  |TAMS 0x0000000089d00000| PB 0x0000000089d00000| Untracked 
|  90|0x0000000089e00000, 0x0000000089e00000, 0x0000000089f00000|  0%| F|  |TAMS 0x0000000089e00000| PB 0x0000000089e00000| Untracked 
|  91|0x0000000089f00000, 0x0000000089f00000, 0x000000008a000000|  0%| F|  |TAMS 0x0000000089f00000| PB 0x0000000089f00000| Untracked 
|  92|0x000000008a000000, 0x000000008a000000, 0x000000008a100000|  0%| F|  |TAMS 0x000000008a000000| PB 0x000000008a000000| Untracked 
|  93|0x000000008a100000, 0x000000008a100000, 0x000000008a200000|  0%| F|  |TAMS 0x000000008a100000| PB 0x000000008a100000| Untracked 
|  94|0x000000008a200000, 0x000000008a200000, 0x000000008a300000|  0%| F|  |TAMS 0x000000008a200000| PB 0x000000008a200000| Untracked 
|  95|0x000000008a300000, 0x000000008a300000, 0x000000008a400000|  0%| F|  |TAMS 0x000000008a300000| PB 0x000000008a300000| Untracked 
|  96|0x000000008a400000, 0x000000008a400000, 0x000000008a500000|  0%| F|  |TAMS 0x000000008a400000| PB 0x000000008a400000| Untracked 
|  97|0x000000008a500000, 0x000000008a500000, 0x000000008a600000|  0%| F|  |TAMS 0x000000008a500000| PB 0x000000008a500000| Untracked 
|  98|0x000000008a600000, 0x000000008a600000, 0x000000008a700000|  0%| F|  |TAMS 0x000000008a600000| PB 0x000000008a600000| Untracked 
|  99|0x000000008a700000, 0x000000008a700000, 0x000000008a800000|  0%| F|  |TAMS 0x000000008a700000| PB 0x000000008a700000| Untracked 
| 100|0x000000008a800000, 0x000000008a800000, 0x000000008a900000|  0%| F|  |TAMS 0x000000008a800000| PB 0x000000008a800000| Untracked 
| 101|0x000000008a900000, 0x000000008a900000, 0x000000008aa00000|  0%| F|  |TAMS 0x000000008a900000| PB 0x000000008a900000| Untracked 
| 102|0x000000008aa00000, 0x000000008aa00000, 0x000000008ab00000|  0%| F|  |TAMS 0x000000008aa00000| PB 0x000000008aa00000| Untracked 
| 103|0x000000008ab00000, 0x000000008ab00000, 0x000000008ac00000|  0%| F|  |TAMS 0x000000008ab00000| PB 0x000000008ab00000| Untracked 
| 104|0x000000008ac00000, 0x000000008ac00000, 0x000000008ad00000|  0%| F|  |TAMS 0x000000008ac00000| PB 0x000000008ac00000| Untracked 
| 105|0x000000008ad00000, 0x000000008ad00000, 0x000000008ae00000|  0%| F|  |TAMS 0x000000008ad00000| PB 0x000000008ad00000| Untracked 
| 106|0x000000008ae00000, 0x000000008ae00000, 0x000000008af00000|  0%| F|  |TAMS 0x000000008ae00000| PB 0x000000008ae00000| Untracked 
| 107|0x000000008af00000, 0x000000008af00000, 0x000000008b000000|  0%| F|  |TAMS 0x000000008af00000| PB 0x000000008af00000| Untracked 
| 108|0x000000008b000000, 0x000000008b000000, 0x000000008b100000|  0%| F|  |TAMS 0x000000008b000000| PB 0x000000008b000000| Untracked 
| 109|0x000000008b100000, 0x000000008b100000, 0x000000008b200000|  0%| F|  |TAMS 0x000000008b100000| PB 0x000000008b100000| Untracked 
| 110|0x000000008b200000, 0x000000008b200000, 0x000000008b300000|  0%| F|  |TAMS 0x000000008b200000| PB 0x000000008b200000| Untracked 
| 111|0x000000008b300000, 0x000000008b300000, 0x000000008b400000|  0%| F|  |TAMS 0x000000008b300000| PB 0x000000008b300000| Untracked 
| 112|0x000000008b400000, 0x000000008b400000, 0x000000008b500000|  0%| F|  |TAMS 0x000000008b400000| PB 0x000000008b400000| Untracked 
| 113|0x000000008b500000, 0x000000008b500000, 0x000000008b600000|  0%| F|  |TAMS 0x000000008b500000| PB 0x000000008b500000| Untracked 
| 114|0x000000008b600000, 0x000000008b600000, 0x000000008b700000|  0%| F|  |TAMS 0x000000008b600000| PB 0x000000008b600000| Untracked 
| 115|0x000000008b700000, 0x000000008b700000, 0x000000008b800000|  0%| F|  |TAMS 0x000000008b700000| PB 0x000000008b700000| Untracked 
| 116|0x000000008b800000, 0x000000008b800000, 0x000000008b900000|  0%| F|  |TAMS 0x000000008b800000| PB 0x000000008b800000| Untracked 
| 117|0x000000008b900000, 0x000000008b900000, 0x000000008ba00000|  0%| F|  |TAMS 0x000000008b900000| PB 0x000000008b900000| Untracked 
| 118|0x000000008ba00000, 0x000000008ba00000, 0x000000008bb00000|  0%| F|  |TAMS 0x000000008ba00000| PB 0x000000008ba00000| Untracked 
| 119|0x000000008bb00000, 0x000000008bb00000, 0x000000008bc00000|  0%| F|  |TAMS 0x000000008bb00000| PB 0x000000008bb00000| Untracked 
| 120|0x000000008bc00000, 0x000000008bc00000, 0x000000008bd00000|  0%| F|  |TAMS 0x000000008bc00000| PB 0x000000008bc00000| Untracked 
| 121|0x000000008bd00000, 0x000000008bd00000, 0x000000008be00000|  0%| F|  |TAMS 0x000000008bd00000| PB 0x000000008bd00000| Untracked 
| 122|0x000000008be00000, 0x000000008be00000, 0x000000008bf00000|  0%| F|  |TAMS 0x000000008be00000| PB 0x000000008be00000| Untracked 
| 123|0x000000008bf00000, 0x000000008bf00000, 0x000000008c000000|  0%| F|  |TAMS 0x000000008bf00000| PB 0x000000008bf00000| Untracked 
| 124|0x000000008c000000, 0x000000008c000000, 0x000000008c100000|  0%| F|  |TAMS 0x000000008c000000| PB 0x000000008c000000| Untracked 
| 125|0x000000008c100000, 0x000000008c100000, 0x000000008c200000|  0%| F|  |TAMS 0x000000008c100000| PB 0x000000008c100000| Untracked 
| 126|0x000000008c200000, 0x000000008c200000, 0x000000008c300000|  0%| F|  |TAMS 0x000000008c200000| PB 0x000000008c200000| Untracked 
| 127|0x000000008c300000, 0x000000008c300000, 0x000000008c400000|  0%| F|  |TAMS 0x000000008c300000| PB 0x000000008c300000| Untracked 
| 128|0x000000008c400000, 0x000000008c400000, 0x000000008c500000|  0%| F|  |TAMS 0x000000008c400000| PB 0x000000008c400000| Untracked 
| 129|0x000000008c500000, 0x000000008c500000, 0x000000008c600000|  0%| F|  |TAMS 0x000000008c500000| PB 0x000000008c500000| Untracked 
| 130|0x000000008c600000, 0x000000008c600000, 0x000000008c700000|  0%| F|  |TAMS 0x000000008c600000| PB 0x000000008c600000| Untracked 
| 131|0x000000008c700000, 0x000000008c700000, 0x000000008c800000|  0%| F|  |TAMS 0x000000008c700000| PB 0x000000008c700000| Untracked 
| 132|0x000000008c800000, 0x000000008c800000, 0x000000008c900000|  0%| F|  |TAMS 0x000000008c800000| PB 0x000000008c800000| Untracked 
| 133|0x000000008c900000, 0x000000008c900000, 0x000000008ca00000|  0%| F|  |TAMS 0x000000008c900000| PB 0x000000008c900000| Untracked 
| 134|0x000000008ca00000, 0x000000008ca00000, 0x000000008cb00000|  0%| F|  |TAMS 0x000000008ca00000| PB 0x000000008ca00000| Untracked 
| 135|0x000000008cb00000, 0x000000008cb00000, 0x000000008cc00000|  0%| F|  |TAMS 0x000000008cb00000| PB 0x000000008cb00000| Untracked 
| 136|0x000000008cc00000, 0x000000008cc00000, 0x000000008cd00000|  0%| F|  |TAMS 0x000000008cc00000| PB 0x000000008cc00000| Untracked 
| 137|0x000000008cd00000, 0x000000008cd00000, 0x000000008ce00000|  0%| F|  |TAMS 0x000000008cd00000| PB 0x000000008cd00000| Untracked 
| 138|0x000000008ce00000, 0x000000008ce00000, 0x000000008cf00000|  0%| F|  |TAMS 0x000000008ce00000| PB 0x000000008ce00000| Untracked 
| 139|0x000000008cf00000, 0x000000008cf00000, 0x000000008d000000|  0%| F|  |TAMS 0x000000008cf00000| PB 0x000000008cf00000| Untracked 
| 140|0x000000008d000000, 0x000000008d000000, 0x000000008d100000|  0%| F|  |TAMS 0x000000008d000000| PB 0x000000008d000000| Untracked 
| 141|0x000000008d100000, 0x000000008d100000, 0x000000008d200000|  0%| F|  |TAMS 0x000000008d100000| PB 0x000000008d100000| Untracked 
| 142|0x000000008d200000, 0x000000008d200000, 0x000000008d300000|  0%| F|  |TAMS 0x000000008d200000| PB 0x000000008d200000| Untracked 
| 143|0x000000008d300000, 0x000000008d300000, 0x000000008d400000|  0%| F|  |TAMS 0x000000008d300000| PB 0x000000008d300000| Untracked 
| 144|0x000000008d400000, 0x000000008d400000, 0x000000008d500000|  0%| F|  |TAMS 0x000000008d400000| PB 0x000000008d400000| Untracked 
| 145|0x000000008d500000, 0x000000008d500000, 0x000000008d600000|  0%| F|  |TAMS 0x000000008d500000| PB 0x000000008d500000| Untracked 
| 146|0x000000008d600000, 0x000000008d600000, 0x000000008d700000|  0%| F|  |TAMS 0x000000008d600000| PB 0x000000008d600000| Untracked 
| 147|0x000000008d700000, 0x000000008d700000, 0x000000008d800000|  0%| F|  |TAMS 0x000000008d700000| PB 0x000000008d700000| Untracked 
| 148|0x000000008d800000, 0x000000008d800000, 0x000000008d900000|  0%| F|  |TAMS 0x000000008d800000| PB 0x000000008d800000| Untracked 
| 149|0x000000008d900000, 0x000000008d900000, 0x000000008da00000|  0%| F|  |TAMS 0x000000008d900000| PB 0x000000008d900000| Untracked 
| 150|0x000000008da00000, 0x000000008da00000, 0x000000008db00000|  0%| F|  |TAMS 0x000000008da00000| PB 0x000000008da00000| Untracked 
| 151|0x000000008db00000, 0x000000008db00000, 0x000000008dc00000|  0%| F|  |TAMS 0x000000008db00000| PB 0x000000008db00000| Untracked 
| 152|0x000000008dc00000, 0x000000008dc00000, 0x000000008dd00000|  0%| F|  |TAMS 0x000000008dc00000| PB 0x000000008dc00000| Untracked 
| 153|0x000000008dd00000, 0x000000008dd00000, 0x000000008de00000|  0%| F|  |TAMS 0x000000008dd00000| PB 0x000000008dd00000| Untracked 
| 154|0x000000008de00000, 0x000000008de00000, 0x000000008df00000|  0%| F|  |TAMS 0x000000008de00000| PB 0x000000008de00000| Untracked 
| 155|0x000000008df00000, 0x000000008df00000, 0x000000008e000000|  0%| F|  |TAMS 0x000000008df00000| PB 0x000000008df00000| Untracked 
| 156|0x000000008e000000, 0x000000008e000000, 0x000000008e100000|  0%| F|  |TAMS 0x000000008e000000| PB 0x000000008e000000| Untracked 
| 157|0x000000008e100000, 0x000000008e100000, 0x000000008e200000|  0%| F|  |TAMS 0x000000008e100000| PB 0x000000008e100000| Untracked 
| 190|0x0000000090200000, 0x0000000090200000, 0x0000000090300000|  0%| F|  |TAMS 0x0000000090200000| PB 0x0000000090200000| Untracked 
|1979|0x00000000fff00000, 0x00000000fff00000, 0x0000000100000000|  0%| F|  |TAMS 0x00000000fff00000| PB 0x00000000fff00000| Untracked 

Card table byte_map: [0x000001eb842f0000,0x000001eb846d0000] _byte_map_base: 0x000001eb83ece000

Marking Bits: (CMBitMap*) 0x000001eb802c6580
 Bits: [0x000001eb846d0000, 0x000001eb865c0000)

Polling page: 0x000001ebf9fd0000

Metaspace:

Usage:
  Non-class:     86.77 MB used.
      Class:     14.18 MB used.
       Both:    100.95 MB used.

Virtual space:
  Non-class space:      128.00 MB reserved,      87.44 MB ( 68%) committed,  2 nodes.
      Class space:        1.00 GB reserved,      14.75 MB (  1%) committed,  1 nodes.
             Both:        1.12 GB reserved,     102.19 MB (  9%) committed. 

Chunk freelists:
   Non-Class:  8.60 MB
       Class:  1.36 MB
        Both:  9.96 MB

MaxMetaspaceSize: unlimited
CompressedClassSpaceSize: 1.00 GB
Initial GC threshold: 21.00 MB
Current GC threshold: 170.25 MB
CDS: on
 - commit_granule_bytes: 65536.
 - commit_granule_words: 8192.
 - virtual_space_node_default_size: 8388608.
 - enlarge_chunks_in_place: 1.
 - use_allocation_guard: 0.


Internal statistics:

num_allocs_failed_limit: 6.
num_arena_births: 1802.
num_arena_deaths: 688.
num_vsnodes_births: 3.
num_vsnodes_deaths: 0.
num_space_committed: 1635.
num_space_uncommitted: 0.
num_chunks_returned_to_freelist: 830.
num_chunks_taken_from_freelist: 5502.
num_chunk_merges: 177.
num_chunk_splits: 3729.
num_chunks_enlarged: 2834.
num_inconsistent_stats: 0.

CodeCache: size=49152Kb used=20186Kb max_used=28573Kb free=28965Kb
 bounds [0x000001eb80410000, 0x000001eb82050000, 0x000001eb83410000]
 total_blobs=7339 nmethods=6542 adapters=720
 compilation: enabled
              stopped_count=0, restarted_count=0
 full_count=0

Compilation events (20 events):
Event: 37303.174 Thread 0x000001eb891d57a0 24473       1       com.sun.management.internal.GarbageCollectorExtImpl::getNextSeqNumber (10 bytes)
Event: 37303.175 Thread 0x000001eb891d57a0 nmethod 24473 0x000001eb8066de10 code [0x000001eb8066dfa0, 0x000001eb8066e068]
Event: 37303.175 Thread 0x000001eb891d57a0 24474       1       com.sun.management.GarbageCollectionNotificationInfo::<init> (80 bytes)
Event: 37303.177 Thread 0x000001eb891d57a0 nmethod 24474 0x000001eb80ed5410 code [0x000001eb80ed5600, 0x000001eb80ed5b80]
Event: 37303.177 Thread 0x000001eb891d57a0 24475       1       com.sun.management.internal.GarbageCollectionNotifInfoCompositeData::toCompositeData (14 bytes)
Event: 37303.177 Thread 0x000001eb891d57a0 nmethod 24475 0x000001eb805cb090 code [0x000001eb805cb240, 0x000001eb805cb3c0]
Event: 37310.656 Thread 0x000001eb891d57a0 24476       1       io.micrometer.core.instrument.binder.jvm.JvmGcMetrics$$Lambda/0x000001eb8bd02928::isNotificationEnabled (5 bytes)
Event: 37310.659 Thread 0x000001eb891d57a0 nmethod 24476 0x000001eb80608810 code [0x000001eb806089c0, 0x000001eb80608ad0]
Event: 37310.659 Thread 0x000001eb891d57a0 24477       1       io.micrometer.core.instrument.binder.jvm.JvmGcMetrics::lambda$bindTo$6c8b5da5$1 (11 bytes)
Event: 37310.659 Thread 0x000001eb891d57a0 nmethod 24477 0x000001eb80635a10 code [0x000001eb80635bc0, 0x000001eb80635ca8]
Event: 37310.659 Thread 0x000001eb891d57a0 24478       1       io.micrometer.core.instrument.binder.jvm.JvmGcMetrics$GcMetricsNotificationListener::handleNotification (379 bytes)
Event: 37310.729 Thread 0x000001eb891d57a0 nmethod 24478 0x000001eb80ed7610 code [0x000001eb80ed7b20, 0x000001eb80ed9ce8]
Event: 37310.729 Thread 0x000001eb891d57a0 24480       1       io.micrometer.core.instrument.binder.jvm.JvmGcMetrics$GcMetricsNotificationListener$$Lambda/0x000001eb8bdc0490::<init> (10 bytes)
Event: 37310.730 Thread 0x000001eb891d57a0 nmethod 24480 0x000001eb8053cb10 code [0x000001eb8053cca0, 0x000001eb8053cdb0]
Event: 37310.730 Thread 0x000001eb891d57a0 24481       1       io.micrometer.core.instrument.binder.jvm.JvmGcMetrics$GcMetricsNotificationListener$$Lambda/0x000001eb8bdc0490::applyAsLong (12 bytes)
Event: 37310.731 Thread 0x000001eb891d57a0 nmethod 24481 0x000001eb805c2710 code [0x000001eb805c28c0, 0x000001eb805c2a50]
Event: 37310.731 Thread 0x000001eb891d57a0 24482       1       io.micrometer.core.instrument.binder.jvm.JvmGcMetrics$GcMetricsNotificationListener::lambda$handleNotification$0 (14 bytes)
Event: 37310.732 Thread 0x000001eb891d57a0 nmethod 24482 0x000001eb80711810 code [0x000001eb807119c0, 0x000001eb80711af0]
Event: 37310.732 Thread 0x000001eb891d57a0 24479       1       io.micrometer.core.instrument.binder.jvm.JvmGcMetrics$GcMetricsNotificationListener::countPoolSizeDelta (101 bytes)
Event: 37310.734 Thread 0x000001eb891d57a0 nmethod 24479 0x000001eb80864f90 code [0x000001eb80865180, 0x000001eb80865468]

GC Heap History (20 events):
Event: 37294.984 GC heap after
{Heap after GC invocations=237 (full 0):
 garbage-first heap   total 163840K, used 48139K [0x0000000084400000, 0x0000000100000000)
  region size 1024K, 1 young (1024K), 1 survivors (1024K)
 Metaspace       used 103371K, committed 104640K, reserved 1179648K
  class space    used 14523K, committed 15104K, reserved 1048576K
}
Event: 37299.141 GC heap before
{Heap before GC invocations=238 (full 0):
 garbage-first heap   total 163840K, used 145419K [0x0000000084400000, 0x0000000100000000)
  region size 1024K, 96 young (98304K), 1 survivors (1024K)
 Metaspace       used 103371K, committed 104640K, reserved 1179648K
  class space    used 14523K, committed 15104K, reserved 1048576K
}
Event: 37299.162 GC heap after
{Heap after GC invocations=239 (full 0):
 garbage-first heap   total 163840K, used 48083K [0x0000000084400000, 0x0000000100000000)
  region size 1024K, 1 young (1024K), 1 survivors (1024K)
 Metaspace       used 103371K, committed 104640K, reserved 1179648K
  class space    used 14523K, committed 15104K, reserved 1048576K
}
Event: 37303.126 GC heap before
{Heap before GC invocations=239 (full 0):
 garbage-first heap   total 163840K, used 145363K [0x0000000084400000, 0x0000000100000000)
  region size 1024K, 96 young (98304K), 1 survivors (1024K)
 Metaspace       used 103371K, committed 104640K, reserved 1179648K
  class space    used 14523K, committed 15104K, reserved 1048576K
}
Event: 37303.131 GC heap after
{Heap after GC invocations=240 (full 0):
 garbage-first heap   total 163840K, used 48083K [0x0000000084400000, 0x0000000100000000)
  region size 1024K, 1 young (1024K), 1 survivors (1024K)
 Metaspace       used 103371K, committed 104640K, reserved 1179648K
  class space    used 14523K, committed 15104K, reserved 1048576K
}
Event: 37310.622 GC heap before
{Heap before GC invocations=240 (full 0):
 garbage-first heap   total 163840K, used 145363K [0x0000000084400000, 0x0000000100000000)
  region size 1024K, 96 young (98304K), 1 survivors (1024K)
 Metaspace       used 103371K, committed 104640K, reserved 1179648K
  class space    used 14523K, committed 15104K, reserved 1048576K
}
Event: 37310.624 GC heap after
{Heap after GC invocations=241 (full 0):
 garbage-first heap   total 163840K, used 48114K [0x0000000084400000, 0x0000000100000000)
  region size 1024K, 1 young (1024K), 1 survivors (1024K)
 Metaspace       used 103371K, committed 104640K, reserved 1179648K
  class space    used 14523K, committed 15104K, reserved 1048576K
}
Event: 37317.523 GC heap before
{Heap before GC invocations=242 (full 0):
 garbage-first heap   total 163840K, used 145394K [0x0000000084400000, 0x0000000100000000)
  region size 1024K, 96 young (98304K), 1 survivors (1024K)
 Metaspace       used 103371K, committed 104640K, reserved 1179648K
  class space    used 14523K, committed 15104K, reserved 1048576K
}
Event: 37317.531 GC heap after
{Heap after GC invocations=243 (full 0):
 garbage-first heap   total 163840K, used 48158K [0x0000000084400000, 0x0000000100000000)
  region size 1024K, 1 young (1024K), 1 survivors (1024K)
 Metaspace       used 103371K, committed 104640K, reserved 1179648K
  class space    used 14523K, committed 15104K, reserved 1048576K
}
Event: 37325.474 GC heap before
{Heap before GC invocations=243 (full 0):
 garbage-first heap   total 163840K, used 145438K [0x0000000084400000, 0x0000000100000000)
  region size 1024K, 96 young (98304K), 1 survivors (1024K)
 Metaspace       used 103371K, committed 104640K, reserved 1179648K
  class space    used 14523K, committed 15104K, reserved 1048576K
}
Event: 37325.482 GC heap after
{Heap after GC invocations=244 (full 0):
 garbage-first heap   total 163840K, used 48067K [0x0000000084400000, 0x0000000100000000)
  region size 1024K, 1 young (1024K), 1 survivors (1024K)
 Metaspace       used 103371K, committed 104640K, reserved 1179648K
  class space    used 14523K, committed 15104K, reserved 1048576K
}
Event: 37334.480 GC heap before
{Heap before GC invocations=244 (full 0):
 garbage-first heap   total 163840K, used 145347K [0x0000000084400000, 0x0000000100000000)
  region size 1024K, 96 young (98304K), 1 survivors (1024K)
 Metaspace       used 103371K, committed 104640K, reserved 1179648K
  class space    used 14523K, committed 15104K, reserved 1048576K
}
Event: 37334.641 GC heap after
{Heap after GC invocations=245 (full 0):
 garbage-first heap   total 163840K, used 48091K [0x0000000084400000, 0x0000000100000000)
  region size 1024K, 1 young (1024K), 1 survivors (1024K)
 Metaspace       used 103371K, committed 104640K, reserved 1179648K
  class space    used 14523K, committed 15104K, reserved 1048576K
}
Event: 37339.410 GC heap before
{Heap before GC invocations=246 (full 0):
 garbage-first heap   total 163840K, used 145371K [0x0000000084400000, 0x0000000100000000)
  region size 1024K, 96 young (98304K), 1 survivors (1024K)
 Metaspace       used 103371K, committed 104640K, reserved 1179648K
  class space    used 14523K, committed 15104K, reserved 1048576K
}
Event: 37339.415 GC heap after
{Heap after GC invocations=247 (full 0):
 garbage-first heap   total 163840K, used 48139K [0x0000000084400000, 0x0000000100000000)
  region size 1024K, 1 young (1024K), 1 survivors (1024K)
 Metaspace       used 103371K, committed 104640K, reserved 1179648K
  class space    used 14523K, committed 15104K, reserved 1048576K
}
Event: 37344.016 GC heap before
{Heap before GC invocations=247 (full 0):
 garbage-first heap   total 163840K, used 145419K [0x0000000084400000, 0x0000000100000000)
  region size 1024K, 96 young (98304K), 1 survivors (1024K)
 Metaspace       used 103371K, committed 104640K, reserved 1179648K
  class space    used 14523K, committed 15104K, reserved 1048576K
}
Event: 37344.019 GC heap after
{Heap after GC invocations=248 (full 0):
 garbage-first heap   total 163840K, used 48118K [0x0000000084400000, 0x0000000100000000)
  region size 1024K, 1 young (1024K), 1 survivors (1024K)
 Metaspace       used 103371K, committed 104640K, reserved 1179648K
  class space    used 14523K, committed 15104K, reserved 1048576K
}
Event: 37347.840 GC heap before
{Heap before GC invocations=248 (full 0):
 garbage-first heap   total 163840K, used 145398K [0x0000000084400000, 0x0000000100000000)
  region size 1024K, 96 young (98304K), 1 survivors (1024K)
 Metaspace       used 103371K, committed 104640K, reserved 1179648K
  class space    used 14523K, committed 15104K, reserved 1048576K
}
Event: 37347.853 GC heap after
{Heap after GC invocations=249 (full 0):
 garbage-first heap   total 163840K, used 48234K [0x0000000084400000, 0x0000000100000000)
  region size 1024K, 1 young (1024K), 1 survivors (1024K)
 Metaspace       used 103371K, committed 104640K, reserved 1179648K
  class space    used 14523K, committed 15104K, reserved 1048576K
}
Event: 37351.455 GC heap before
{Heap before GC invocations=250 (full 0):
 garbage-first heap   total 163840K, used 145514K [0x0000000084400000, 0x0000000100000000)
  region size 1024K, 96 young (98304K), 1 survivors (1024K)
 Metaspace       used 103371K, committed 104640K, reserved 1179648K
  class space    used 14523K, committed 15104K, reserved 1048576K
}

Dll operation events (3 events):
Event: 0.025 Loaded shared library C:\Program Files\JetBrains\IntelliJ IDEA 2024.3\jbr\bin\java.dll
Event: 0.026 Loaded shared library C:\Program Files\JetBrains\IntelliJ IDEA 2024.3\jbr\bin\zip.dll
Event: 3.571 Loaded shared library C:\Program Files\JetBrains\IntelliJ IDEA 2024.3\jbr\bin\verify.dll

Deoptimization events (20 events):
Event: 37350.241 Thread 0x000001ebdc760060 DEOPT UNPACKING pc=0x000001eb80464e42 sp=0x00000077e5bfe0e8 mode 1
Event: 37350.241 Thread 0x000001ebdd075950 DEOPT PACKING pc=0x000001eb8119464c sp=0x00000077e5afe590
Event: 37350.241 Thread 0x000001ebdd075950 DEOPT UNPACKING pc=0x000001eb80464e42 sp=0x00000077e5afdaa0 mode 1
Event: 37350.241 Thread 0x000001ebdd075950 DEOPT PACKING pc=0x000001eb812dc2c4 sp=0x00000077e5afe690
Event: 37350.241 Thread 0x000001ebdd075950 DEOPT UNPACKING pc=0x000001eb80464e42 sp=0x00000077e5afdbc0 mode 1
Event: 37350.241 Thread 0x000001ebdd075950 DEOPT PACKING pc=0x000001eb813d41fc sp=0x00000077e5afe780
Event: 37350.241 Thread 0x000001ebdd075950 DEOPT UNPACKING pc=0x000001eb80464e42 sp=0x00000077e5afdd28 mode 1
Event: 37350.241 Thread 0x000001ebdd075950 DEOPT PACKING pc=0x000001eb805a8d14 sp=0x00000077e5afe8f0
Event: 37350.241 Thread 0x000001ebdd075950 DEOPT UNPACKING pc=0x000001eb80464e42 sp=0x00000077e5afdf28 mode 1
Event: 37350.241 Thread 0x000001ebdd075950 DEOPT PACKING pc=0x000001eb81cba204 sp=0x00000077e5afeb00
Event: 37350.241 Thread 0x000001ebdd075950 DEOPT UNPACKING pc=0x000001eb80464e42 sp=0x00000077e5afe0f8 mode 1
Event: 37350.241 Thread 0x000001ebdbeef2c0 DEOPT UNPACKING pc=0x000001eb80464e42 sp=0x00000077e7ffd900 mode 1
Event: 37350.241 Thread 0x000001ebdbeef2c0 DEOPT PACKING pc=0x000001eb812dc2c4 sp=0x00000077e7ffe4f0
Event: 37350.242 Thread 0x000001ebdbeef2c0 DEOPT UNPACKING pc=0x000001eb80464e42 sp=0x00000077e7ffda20 mode 1
Event: 37350.242 Thread 0x000001ebdbeef2c0 DEOPT PACKING pc=0x000001eb813d41fc sp=0x00000077e7ffe5e0
Event: 37350.242 Thread 0x000001ebdbeef2c0 DEOPT UNPACKING pc=0x000001eb80464e42 sp=0x00000077e7ffdb88 mode 1
Event: 37350.242 Thread 0x000001ebdbeef2c0 DEOPT PACKING pc=0x000001eb805a8d14 sp=0x00000077e7ffe750
Event: 37350.242 Thread 0x000001ebdbeef2c0 DEOPT UNPACKING pc=0x000001eb80464e42 sp=0x00000077e7ffdd88 mode 1
Event: 37350.242 Thread 0x000001ebdbeef2c0 DEOPT PACKING pc=0x000001eb81cba204 sp=0x00000077e7ffe960
Event: 37350.242 Thread 0x000001ebdbeef2c0 DEOPT UNPACKING pc=0x000001eb80464e42 sp=0x00000077e7ffdf58 mode 1

Classes loaded (20 events):
Event: 1769.532 Loading class java/sql/Connection
Event: 1769.532 Loading class java/sql/Connection done
Event: 1769.761 Loading class sun/security/ssl/Alert
Event: 1769.846 Loading class sun/security/ssl/Alert done
Event: 1769.879 Loading class sun/security/ssl/Alert$AlertConsumer
Event: 1769.906 Loading class sun/security/ssl/Alert$AlertConsumer done
Event: 1769.907 Loading class sun/security/ssl/Alert$Level
Event: 1769.914 Loading class sun/security/ssl/Alert$Level done
Event: 1769.951 Loading class sun/net/ConnectionResetException
Event: 1769.953 Loading class sun/net/ConnectionResetException done
Event: 1769.966 Loading class com/mysql/cj/interceptors/QueryInterceptor
Event: 1769.966 Loading class com/mysql/cj/interceptors/QueryInterceptor done
Event: 3200.184 Loading class org/hibernate/internal/util/collections/BoundedConcurrentHashMap$1
Event: 3200.184 Loading class org/hibernate/internal/util/collections/BoundedConcurrentHashMap$1 done
Event: 4547.162 Loading class org/springframework/web/servlet/ModelAndViewDefiningException
Event: 4547.163 Loading class org/springframework/web/servlet/ModelAndViewDefiningException done
Event: 4547.527 Loading class org/springframework/http/MediaType
Event: 4547.527 Loading class org/springframework/http/MediaType done
Event: 4547.662 Loading class org/springframework/web/servlet/mvc/method/annotation/ServletInvocableHandlerMethod
Event: 4547.662 Loading class org/springframework/web/servlet/mvc/method/annotation/ServletInvocableHandlerMethod done

Classes unloaded (20 events):
Event: 24113.141 Thread 0x000001eb803e9da0 Unloading class 0x000001eb8b595800 'java/lang/invoke/LambdaForm$MH+0x000001eb8b595800'
Event: 24113.141 Thread 0x000001eb803e9da0 Unloading class 0x000001eb8b578c00 'java/lang/invoke/LambdaForm$MH+0x000001eb8b578c00'
Event: 24113.141 Thread 0x000001eb803e9da0 Unloading class 0x000001eb8b505c00 'java/lang/invoke/LambdaForm$MH+0x000001eb8b505c00'
Event: 24113.141 Thread 0x000001eb803e9da0 Unloading class 0x000001eb8b4a1000 'java/lang/invoke/LambdaForm$MH+0x000001eb8b4a1000'
Event: 24113.142 Thread 0x000001eb803e9da0 Unloading class 0x000001eb8b3a0000 'java/lang/invoke/LambdaForm$MH+0x000001eb8b3a0000'
Event: 25605.879 Thread 0x000001eb803e9da0 Unloading class 0x000001eb8ba70400 'java/lang/invoke/LambdaForm$MH+0x000001eb8ba70400'
Event: 25605.879 Thread 0x000001eb803e9da0 Unloading class 0x000001eb8b611800 'java/lang/invoke/LambdaForm$MH+0x000001eb8b611800'
Event: 25605.879 Thread 0x000001eb803e9da0 Unloading class 0x000001eb8bce0400 'java/lang/invoke/LambdaForm$MH+0x000001eb8bce0400'
Event: 27303.503 Thread 0x000001eb803e9da0 Unloading class 0x000001eb8b611800 'java/lang/invoke/LambdaForm$MH+0x000001eb8b611800'
Event: 27303.504 Thread 0x000001eb803e9da0 Unloading class 0x000001eb8b610400 'java/lang/invoke/LambdaForm$MH+0x000001eb8b610400'
Event: 27477.004 Thread 0x000001eb803e9da0 Unloading class 0x000001eb8b5d4400 'java/lang/invoke/LambdaForm$MH+0x000001eb8b5d4400'
Event: 28396.003 Thread 0x000001eb803e9da0 Unloading class 0x000001eb8bce0400 'java/lang/invoke/LambdaForm$MH+0x000001eb8bce0400'
Event: 28396.004 Thread 0x000001eb803e9da0 Unloading class 0x000001eb8ba70400 'java/lang/invoke/LambdaForm$MH+0x000001eb8ba70400'
Event: 30168.009 Thread 0x000001eb803e9da0 Unloading class 0x000001eb8ba70400 'java/lang/invoke/LambdaForm$MH+0x000001eb8ba70400'
Event: 30168.010 Thread 0x000001eb803e9da0 Unloading class 0x000001eb8bce0400 'java/lang/invoke/LambdaForm$MH+0x000001eb8bce0400'
Event: 37222.570 Thread 0x000001eb803e9da0 Unloading class 0x000001eb8bce0400 'java/lang/invoke/LambdaForm$MH+0x000001eb8bce0400'
Event: 37246.800 Thread 0x000001eb803e9da0 Unloading class 0x000001eb8b578c00 'java/lang/invoke/LambdaForm$MH+0x000001eb8b578c00'
Event: 37246.812 Thread 0x000001eb803e9da0 Unloading class 0x000001eb8b5b4800 'java/lang/invoke/LambdaForm$MH+0x000001eb8b5b4800'
Event: 37255.049 Thread 0x000001eb803e9da0 Unloading class 0x000001eb8b505c00 'java/lang/invoke/LambdaForm$MH+0x000001eb8b505c00'
Event: 37263.659 Thread 0x000001eb803e9da0 Unloading class 0x000001eb8ba82800 'java/lang/invoke/LambdaForm$MH+0x000001eb8ba82800'

Classes redefined (1 events):
Event: 0.432 Thread 0x000001eb803e9da0 redefined class name=java.lang.Throwable, count=1

Internal exceptions (20 events):
Event: 27288.364 Thread 0x000001ebd3dae5e0 Exception <a 'java/io/IOException'{0x000000008c901410}> (0x000000008c901410) 
thrown [s\src\hotspot\share\prims\jni.cpp, line 535]
Event: 27288.387 Thread 0x000001ebd3dae5e0 Exception <a 'java/io/IOException'{0x000000008c9023b0}> (0x000000008c9023b0) 
thrown [s\src\hotspot\share\prims\jni.cpp, line 535]
Event: 27361.475 Thread 0x000001ebdbeef2c0 Exception <a 'sun/net/ConnectionResetException'{0x000000008c12f0d8}: Connection reset> (0x000000008c12f0d8) 
thrown [s\src\hotspot\share\prims\jni.cpp, line 563]
Event: 27361.475 Thread 0x000001ebd61e79f0 Exception <a 'sun/net/ConnectionResetException'{0x000000008c2b3598}: Connection reset> (0x000000008c2b3598) 
thrown [s\src\hotspot\share\prims\jni.cpp, line 563]
Event: 27361.475 Thread 0x000001ebdd073880 Exception <a 'sun/net/ConnectionResetException'{0x000000008c24a4d0}: Connection reset> (0x000000008c24a4d0) 
thrown [s\src\hotspot\share\prims\jni.cpp, line 563]
Event: 30829.771 Thread 0x000001ebdd066340 Exception <a 'java/io/IOException'{0x000000008d764888}> (0x000000008d764888) 
thrown [s\src\hotspot\share\prims\jni.cpp, line 535]
Event: 30829.794 Thread 0x000001ebdd066340 Exception <a 'java/io/IOException'{0x000000008d765828}> (0x000000008d765828) 
thrown [s\src\hotspot\share\prims\jni.cpp, line 535]
Event: 30853.511 Thread 0x000001ebdc5031d0 Exception <a 'java/io/IOException'{0x000000008d4c8440}> (0x000000008d4c8440) 
thrown [s\src\hotspot\share\prims\jni.cpp, line 535]
Event: 30853.515 Thread 0x000001ebdc5031d0 Exception <a 'java/io/IOException'{0x000000008d4c9100}> (0x000000008d4c9100) 
thrown [s\src\hotspot\share\prims\jni.cpp, line 535]
Event: 32598.314 Thread 0x000001ebdb46bd80 Exception <a 'java/io/IOException'{0x000000008ac824d0}> (0x000000008ac824d0) 
thrown [s\src\hotspot\share\prims\jni.cpp, line 535]
Event: 32598.338 Thread 0x000001ebdb46bd80 Exception <a 'java/io/IOException'{0x000000008ac83470}> (0x000000008ac83470) 
thrown [s\src\hotspot\share\prims\jni.cpp, line 535]
Event: 34376.430 Thread 0x000001ebdd01d6d0 Exception <a 'java/io/IOException'{0x000000008d201410}> (0x000000008d201410) 
thrown [s\src\hotspot\share\prims\jni.cpp, line 535]
Event: 34376.482 Thread 0x000001ebdd01d6d0 Exception <a 'java/io/IOException'{0x000000008d2023b0}> (0x000000008d2023b0) 
thrown [s\src\hotspot\share\prims\jni.cpp, line 535]
Event: 34391.571 Thread 0x000001ebdd0becb0 Exception <a 'java/io/IOException'{0x000000008d0025d0}> (0x000000008d0025d0) 
thrown [s\src\hotspot\share\prims\jni.cpp, line 535]
Event: 36142.115 Thread 0x000001ebdb46bd80 Exception <a 'java/io/IOException'{0x0000000089082450}> (0x0000000089082450) 
thrown [s\src\hotspot\share\prims\jni.cpp, line 535]
Event: 36142.147 Thread 0x000001ebdb46bd80 Exception <a 'java/io/IOException'{0x00000000890833f0}> (0x00000000890833f0) 
thrown [s\src\hotspot\share\prims\jni.cpp, line 535]
Event: 36223.940 Thread 0x000001ebdb46bd80 Exception <a 'java/io/IOException'{0x000000008dd17180}> (0x000000008dd17180) 
thrown [s\src\hotspot\share\prims\jni.cpp, line 535]
Event: 37227.379 Thread 0x000001ebdd073880 Exception <a 'java/io/IOException'{0x000000008ccd41e8}> (0x000000008ccd41e8) 
thrown [s\src\hotspot\share\prims\jni.cpp, line 535]
Event: 37227.411 Thread 0x000001ebdd075950 Exception <a 'java/io/IOException'{0x000000008cb8adb0}> (0x000000008cb8adb0) 
thrown [s\src\hotspot\share\prims\jni.cpp, line 535]
Event: 37227.486 Thread 0x000001ebd61e79f0 Exception <a 'java/net/SocketException'{0x000000008cc6d170}: Connection reset by peer: shutdown> (0x000000008cc6d170) 
thrown [s\src\hotspot\share\prims\jni.cpp, line 563]

ZGC Phase Switch (0 events):
No events

VM Operations (20 events):
Event: 37334.642 Executing VM operation: G1CollectForAllocation (G1 Evacuation Pause) done
Event: 37334.967 Executing VM operation: G1PauseRemark
Event: 37335.556 Executing VM operation: G1PauseRemark done
Event: 37335.587 Executing VM operation: G1PauseCleanup
Event: 37335.588 Executing VM operation: G1PauseCleanup done
Event: 37339.410 Executing VM operation: G1CollectForAllocation (G1 Evacuation Pause)
Event: 37339.416 Executing VM operation: G1CollectForAllocation (G1 Evacuation Pause) done
Event: 37343.696 Executing VM operation: HandshakeAllThreads (HandshakeForDeflation)
Event: 37343.697 Executing VM operation: HandshakeAllThreads (HandshakeForDeflation) done
Event: 37343.697 Executing VM operation: RendezvousGCThreads
Event: 37343.697 Executing VM operation: RendezvousGCThreads done
Event: 37344.015 Executing VM operation: G1CollectForAllocation (G1 Evacuation Pause)
Event: 37344.019 Executing VM operation: G1CollectForAllocation (G1 Evacuation Pause) done
Event: 37347.840 Executing VM operation: G1CollectForAllocation (G1 Evacuation Pause)
Event: 37347.853 Executing VM operation: G1CollectForAllocation (G1 Evacuation Pause) done
Event: 37347.894 Executing VM operation: G1PauseRemark
Event: 37347.900 Executing VM operation: G1PauseRemark done
Event: 37347.939 Executing VM operation: G1PauseCleanup
Event: 37347.941 Executing VM operation: G1PauseCleanup done
Event: 37351.455 Executing VM operation: G1CollectForAllocation (G1 Evacuation Pause)

Memory protections (0 events):
No events

Nmethod flushes (20 events):
Event: 37335.521 Thread 0x000001eb803e9da0 flushing  nmethod 0x000001eb8193e410
Event: 37335.521 Thread 0x000001eb803e9da0 flushing  nmethod 0x000001eb8193e910
Event: 37335.521 Thread 0x000001eb803e9da0 flushing  nmethod 0x000001eb8193f110
Event: 37335.521 Thread 0x000001eb803e9da0 flushing  nmethod 0x000001eb8193f490
Event: 37335.521 Thread 0x000001eb803e9da0 flushing  nmethod 0x000001eb8193fd90
Event: 37335.521 Thread 0x000001eb803e9da0 flushing  nmethod 0x000001eb81dab590
Event: 37335.521 Thread 0x000001eb803e9da0 flushing  nmethod 0x000001eb81dac890
Event: 37335.521 Thread 0x000001eb803e9da0 flushing  nmethod 0x000001eb81dad390
Event: 37335.521 Thread 0x000001eb803e9da0 flushing  nmethod 0x000001eb81dada90
Event: 37335.521 Thread 0x000001eb803e9da0 flushing  nmethod 0x000001eb81daf310
Event: 37335.521 Thread 0x000001eb803e9da0 flushing  nmethod 0x000001eb81db1710
Event: 37335.521 Thread 0x000001eb803e9da0 flushing  nmethod 0x000001eb81dbc190
Event: 37335.521 Thread 0x000001eb803e9da0 flushing  nmethod 0x000001eb81dbdb90
Event: 37335.521 Thread 0x000001eb803e9da0 flushing  nmethod 0x000001eb81dbe490
Event: 37335.521 Thread 0x000001eb803e9da0 flushing  nmethod 0x000001eb81dbe790
Event: 37335.521 Thread 0x000001eb803e9da0 flushing  nmethod 0x000001eb81e6bb90
Event: 37335.521 Thread 0x000001eb803e9da0 flushing  nmethod 0x000001eb81e6bf90
Event: 37335.521 Thread 0x000001eb803e9da0 flushing  nmethod 0x000001eb81e75790
Event: 37335.521 Thread 0x000001eb803e9da0 flushing  nmethod 0x000001eb81e8dc90
Event: 37335.521 Thread 0x000001eb803e9da0 flushing  nmethod 0x000001eb81e90490

Events (20 events):
Event: 36223.264 Thread 0x000001ebd3a70880 Thread added: 0x000001ebdb46bd80
Event: 36223.279 Thread 0x000001ebdb46bd80 Thread added: 0x000001ebdd064f90
Event: 36228.960 Thread 0x000001ebdb46bd80 Thread exited: 0x000001ebdb46bd80
Event: 36229.021 Thread 0x000001ebdd064f90 Thread exited: 0x000001ebdd064f90
Event: 36243.011 Thread 0x000001ebd3a70880 Thread added: 0x000001ebdb46c410
Event: 36243.015 Thread 0x000001ebdb46c410 Thread added: 0x000001ebdc503860
Event: 36248.021 Thread 0x000001ebdb46c410 Thread exited: 0x000001ebdb46c410
Event: 36248.066 Thread 0x000001ebdc503860 Thread exited: 0x000001ebdc503860
Event: 36262.234 Thread 0x000001ebd3a70880 Thread added: 0x000001ebd3daf300
Event: 36262.238 Thread 0x000001ebd3daf300 Thread added: 0x000001ebdd0bd330
Event: 36267.239 Thread 0x000001ebd3daf300 Thread exited: 0x000001ebd3daf300
Event: 36267.308 Thread 0x000001ebdd0bd330 Thread exited: 0x000001ebdd0bd330
Event: 36658.838 Thread 0x000001ebd61ea7e0 Thread added: 0x000001ebdc760060
Event: 36663.699 Thread 0x000001eb891d57a0 Thread added: 0x000001ebdbe40b30
Event: 36668.747 Thread 0x000001ebdbe40b30 Thread exited: 0x000001ebdbe40b30
Event: 36774.431 Thread 0x000001ebdd066340 Thread exited: 0x000001ebdd066340
Event: 37229.293 Thread 0x000001eb891d57a0 Thread added: 0x000001ebdbe42670
Event: 37229.294 Thread 0x000001eb891d57a0 Thread added: 0x000001ebdbe40b30
Event: 37234.340 Thread 0x000001ebdbe40b30 Thread exited: 0x000001ebdbe40b30
Event: 37238.634 Thread 0x000001ebdbe42670 Thread exited: 0x000001ebdbe42670


Dynamic libraries:
0x00007ff66f800000 - 0x00007ff66f80a000 	C:\Program Files\JetBrains\IntelliJ IDEA 2024.3\jbr\bin\java.exe
0x00007fff4fa90000 - 0x00007fff4fc88000 	C:\Windows\SYSTEM32\ntdll.dll
0x00007fff4f7c0000 - 0x00007fff4f882000 	C:\Windows\System32\KERNEL32.DLL
0x00007fff4d2e0000 - 0x00007fff4d5d6000 	C:\Windows\System32\KERNELBASE.dll
0x00007fff4d7c0000 - 0x00007fff4d8c0000 	C:\Windows\System32\ucrtbase.dll
0x00007fff1f930000 - 0x00007fff1f948000 	C:\Program Files\JetBrains\IntelliJ IDEA 2024.3\jbr\bin\jli.dll
0x00007fff1f960000 - 0x00007fff1f97b000 	C:\Program Files\JetBrains\IntelliJ IDEA 2024.3\jbr\bin\VCRUNTIME140.dll
0x00007fff4e430000 - 0x00007fff4e5cd000 	C:\Windows\System32\USER32.dll
0x00007fff4d120000 - 0x00007fff4d142000 	C:\Windows\System32\win32u.dll
0x00007fff328b0000 - 0x00007fff32b4a000 	C:\Windows\WinSxS\amd64_microsoft.windows.common-controls_6595b64144ccf1df_6.0.19041.4355_none_60b8b9eb71f62e16\COMCTL32.dll
0x00007fff4fa20000 - 0x00007fff4fa4b000 	C:\Windows\System32\GDI32.dll
0x00007fff4d960000 - 0x00007fff4da7a000 	C:\Windows\System32\gdi32full.dll
0x00007fff4d8c0000 - 0x00007fff4d95d000 	C:\Windows\System32\msvcp_win.dll
0x00007fff4f980000 - 0x00007fff4fa1e000 	C:\Windows\System32\msvcrt.dll
0x00007fff4ec90000 - 0x00007fff4ecbf000 	C:\Windows\System32\IMM32.DLL
0x00007fff22b60000 - 0x00007fff22b6c000 	C:\Program Files\JetBrains\IntelliJ IDEA 2024.3\jbr\bin\vcruntime140_1.dll
0x00007fff46350000 - 0x00007fff463dd000 	C:\Program Files\JetBrains\IntelliJ IDEA 2024.3\jbr\bin\msvcp140.dll
0x00007fff08cb0000 - 0x00007fff09a71000 	C:\Program Files\JetBrains\IntelliJ IDEA 2024.3\jbr\bin\server\jvm.dll
0x00007fff4ebe0000 - 0x00007fff4ec8f000 	C:\Windows\System32\ADVAPI32.dll
0x00007fff4ecc0000 - 0x00007fff4ed5f000 	C:\Windows\System32\sechost.dll
0x00007fff4f120000 - 0x00007fff4f243000 	C:\Windows\System32\RPCRT4.dll
0x00007fff4da80000 - 0x00007fff4daa7000 	C:\Windows\System32\bcrypt.dll
0x00007fff4efc0000 - 0x00007fff4f02b000 	C:\Windows\System32\WS2_32.dll
0x00007fff4cf80000 - 0x00007fff4cfcb000 	C:\Windows\SYSTEM32\POWRPROF.dll
0x00007fff3cb00000 - 0x00007fff3cb27000 	C:\Windows\SYSTEM32\WINMM.dll
0x00007fff34f40000 - 0x00007fff34f4a000 	C:\Windows\SYSTEM32\VERSION.dll
0x00007fff4cf60000 - 0x00007fff4cf72000 	C:\Windows\SYSTEM32\UMPDC.dll
0x00007fff4b900000 - 0x00007fff4b912000 	C:\Windows\SYSTEM32\kernel.appcore.dll
0x00007fff204f0000 - 0x00007fff204fa000 	C:\Program Files\JetBrains\IntelliJ IDEA 2024.3\jbr\bin\jimage.dll
0x00007fff4ae70000 - 0x00007fff4b054000 	C:\Windows\SYSTEM32\DBGHELP.DLL
0x00007fff308a0000 - 0x00007fff308d4000 	C:\Windows\SYSTEM32\dbgcore.DLL
0x00007fff4d250000 - 0x00007fff4d2d2000 	C:\Windows\System32\bcryptPrimitives.dll
0x00007fff355f0000 - 0x00007fff3562c000 	C:\Program Files\JetBrains\IntelliJ IDEA 2024.3\jbr\bin\jdwp.dll
0x00007fff1f560000 - 0x00007fff1f76e000 	C:\Users\PMLS\AppData\Local\Temp\idea_libasyncProfiler_dll_temp_folder4\libasyncProfiler.dll
0x00007fff1f950000 - 0x00007fff1f95e000 	C:\Program Files\JetBrains\IntelliJ IDEA 2024.3\jbr\bin\instrument.dll
0x00007fff1dc80000 - 0x00007fff1dca0000 	C:\Program Files\JetBrains\IntelliJ IDEA 2024.3\jbr\bin\java.dll
0x00007fff18070000 - 0x00007fff18088000 	C:\Program Files\JetBrains\IntelliJ IDEA 2024.3\jbr\bin\zip.dll
0x00007fff4dc00000 - 0x00007fff4e36f000 	C:\Windows\System32\SHELL32.dll
0x00007fff4b060000 - 0x00007fff4b803000 	C:\Windows\SYSTEM32\windows.storage.dll
0x00007fff4f250000 - 0x00007fff4f5a5000 	C:\Windows\System32\combase.dll
0x00007fff4c9a0000 - 0x00007fff4c9cb000 	C:\Windows\SYSTEM32\Wldp.dll
0x00007fff4db30000 - 0x00007fff4dbfd000 	C:\Windows\System32\OLEAUT32.dll
0x00007fff4e370000 - 0x00007fff4e41d000 	C:\Windows\System32\SHCORE.dll
0x00007fff4eeb0000 - 0x00007fff4ef05000 	C:\Windows\System32\shlwapi.dll
0x00007fff4d050000 - 0x00007fff4d075000 	C:\Windows\SYSTEM32\profapi.dll
0x00007fff462f0000 - 0x00007fff462fb000 	C:\Program Files\JetBrains\IntelliJ IDEA 2024.3\jbr\bin\dt_socket.dll
0x00007fff4c480000 - 0x00007fff4c4bb000 	C:\Windows\SYSTEM32\IPHLPAPI.DLL
0x00007fff4c780000 - 0x00007fff4c7ec000 	C:\Windows\system32\mswsock.dll
0x00007fff1f790000 - 0x00007fff1f7a0000 	C:\Program Files\JetBrains\IntelliJ IDEA 2024.3\jbr\bin\net.dll
0x00007fff46b60000 - 0x00007fff46c6a000 	C:\Windows\SYSTEM32\WINHTTP.dll
0x00007fff17e30000 - 0x00007fff17e46000 	C:\Program Files\JetBrains\IntelliJ IDEA 2024.3\jbr\bin\nio.dll
0x00007fff4c4c0000 - 0x00007fff4c58a000 	C:\Windows\SYSTEM32\DNSAPI.dll
0x00007fff4f970000 - 0x00007fff4f978000 	C:\Windows\System32\NSI.dll
0x00007fff43330000 - 0x00007fff4333a000 	C:\Windows\System32\rasadhlp.dll
0x00007fff423a0000 - 0x00007fff42420000 	C:\Windows\System32\fwpuclnt.dll
0x00007fff1ebe0000 - 0x00007fff1ebe9000 	C:\Program Files\JetBrains\IntelliJ IDEA 2024.3\jbr\bin\management.dll
0x00007fff1e800000 - 0x00007fff1e80b000 	C:\Program Files\JetBrains\IntelliJ IDEA 2024.3\jbr\bin\management_ext.dll
0x00007fff4e420000 - 0x00007fff4e428000 	C:\Windows\System32\PSAPI.DLL
0x00007fff4c9e0000 - 0x00007fff4c9f8000 	C:\Windows\SYSTEM32\CRYPTSP.dll
0x00007fff4c0c0000 - 0x00007fff4c0f8000 	C:\Windows\system32\rsaenh.dll
0x00007fff4d010000 - 0x00007fff4d03e000 	C:\Windows\SYSTEM32\USERENV.dll
0x00007fff4c910000 - 0x00007fff4c91c000 	C:\Windows\SYSTEM32\CRYPTBASE.dll
0x00007fff270e0000 - 0x00007fff270f7000 	C:\Windows\system32\napinsp.dll
0x00007fff26070000 - 0x00007fff2608b000 	C:\Windows\system32\pnrpnsp.dll
0x00007fff46d70000 - 0x00007fff46d85000 	C:\Windows\system32\wshbth.dll
0x00007fff46b30000 - 0x00007fff46b4d000 	C:\Windows\system32\NLAapi.dll
0x00007fff26050000 - 0x00007fff26062000 	C:\Windows\System32\winrnr.dll
0x00007fff17e10000 - 0x00007fff17e19000 	C:\Program Files\JetBrains\IntelliJ IDEA 2024.3\jbr\bin\extnet.dll
0x00007fff19270000 - 0x00007fff1927e000 	C:\Program Files\JetBrains\IntelliJ IDEA 2024.3\jbr\bin\sunmscapi.dll
0x00007fff4d660000 - 0x00007fff4d7bd000 	C:\Windows\System32\CRYPT32.dll
0x00007fff4cb50000 - 0x00007fff4cb77000 	C:\Windows\SYSTEM32\ncrypt.dll
0x00007fff4cb10000 - 0x00007fff4cb4b000 	C:\Windows\SYSTEM32\NTASN1.dll
0x00007fff1cb00000 - 0x00007fff1cb10000 	C:\Program Files\JetBrains\IntelliJ IDEA 2024.3\jbr\bin\verify.dll
0x00007fff1db50000 - 0x00007fff1db57000 	C:\Windows\system32\wshunix.dll

dbghelp: loaded successfully - version: 4.0.5 - missing functions: none
symbol engine: initialized successfully - sym options: 0x614 - pdb path: .;C:\Program Files\JetBrains\IntelliJ IDEA 2024.3\jbr\bin;C:\Windows\SYSTEM32;C:\Windows\WinSxS\amd64_microsoft.windows.common-controls_6595b64144ccf1df_6.0.19041.4355_none_60b8b9eb71f62e16;C:\Program Files\JetBrains\IntelliJ IDEA 2024.3\jbr\bin\server;C:\Users\PMLS\AppData\Local\Temp\idea_libasyncProfiler_dll_temp_folder4

VM Arguments:
jvm_args: -agentlib:jdwp=transport=dt_socket,address=127.0.0.1:53965,suspend=y,server=n -agentpath:C:\Users\PMLS\AppData\Local\Temp\idea_libasyncProfiler_dll_temp_folder4\libasyncProfiler.dll=version,jfr,event=wall,interval=10ms,cstack=no,file=C:\Users\PMLS\IdeaSnapshots\BeApplication_2025_04_12_125148.jfr,dbghelppath=C:\Users\PMLS\AppData\Local\Temp\idea_dbghelp_dll_temp_folder\dbghelp.dll,log=C:\Users\PMLS\AppData\Local\Temp\BeApplication_2025_04_12_125148.jfr.log.txt,logLevel=DEBUG -XX:TieredStopAtLevel=1 -Dspring.profiles.active=local -Dspring.output.ansi.enabled=always -Dcom.sun.management.jmxremote -Dspring.jmx.enabled=true -Dspring.liveBeansView.mbeanDomain -Dspring.application.admin.enabled=true -Dmanagement.endpoints.jmx.exposure.include=* -javaagent:C:\Users\PMLS\AppData\Local\JetBrains\IntelliJIdea2024.3\captureAgent\debugger-agent.jar -Dkotlinx.coroutines.debug.enable.creation.stack.trace=false -Ddebugger.agent.enable.coroutines=true -Dkotlinx.coroutines.debug.enable.flows.stack.trace=true -Dkotlinx.coroutines.debug.enable.mutable.state.flows.stack.trace=true -Dfile.encoding=UTF-8 -Dsun.stdout.encoding=UTF-8 -Dsun.stderr.encoding=UTF-8 
java_command: com.pos.be.BeApplication
java_class_path (initial): C:\Mine\POS\be\target\classes;C:\Users\PMLS\.m2\repository\org\springframework\boot\spring-boot-starter-data-jpa\3.3.5\spring-boot-starter-data-jpa-3.3.5.jar;C:\Users\PMLS\.m2\repository\org\springframework\boot\spring-boot-starter-aop\3.3.5\spring-boot-starter-aop-3.3.5.jar;C:\Users\PMLS\.m2\repository\org\springframework\spring-aop\6.1.14\spring-aop-6.1.14.jar;C:\Users\PMLS\.m2\repository\org\aspectj\aspectjweaver\1.9.22.1\aspectjweaver-1.9.22.1.jar;C:\Users\PMLS\.m2\repository\org\springframework\boot\spring-boot-starter-jdbc\3.3.5\spring-boot-starter-jdbc-3.3.5.jar;C:\Users\PMLS\.m2\repository\com\zaxxer\HikariCP\5.1.0\HikariCP-5.1.0.jar;C:\Users\PMLS\.m2\repository\org\springframework\spring-jdbc\6.1.14\spring-jdbc-6.1.14.jar;C:\Users\PMLS\.m2\repository\org\hibernate\orm\hibernate-core\6.5.3.Final\hibernate-core-6.5.3.Final.jar;C:\Users\PMLS\.m2\repository\jakarta\persistence\jakarta.persistence-api\3.1.0\jakarta.persistence-api-3.1.0.jar;C:\Users\PMLS\.m2\repository\jakarta\transaction\jakarta.transaction-api\2.0.1\jakarta.transaction-api-2.0.1.jar;C:\Users\PMLS\.m2\repository\org\jboss\logging\jboss-logging\3.5.3.Final\jboss-logging-3.5.3.Final.jar;C:\Users\PMLS\.m2\repository\org\hibernate\common\hibernate-commons-annotations\6.0.6.Final\hibernate-commons-annotations-6.0.6.Final.jar;C:\Users\PMLS\.m2\repository\io\smallrye\jandex\3.1.2\jandex-3.1.2.jar;C:\Users\PMLS\.m2\repository\com\fasterxml\classmate\1.7.0\classmate-1.7.0.jar;C:\Users\PMLS\.m2\repository\net\bytebuddy\byte-buddy\1.14.19\byte-buddy-1.14.19.jar;C:\Users\PMLS\.m2\repository\org\glassfish\jaxb\jaxb-runtime\4.0.5\jaxb-runtime-4.0.5.jar;C:\Users\PMLS\.m2\repository\org\glassfish\jaxb\jaxb-core\4.0.5\jaxb-core-4.0.5.jar;C:\Users\PMLS\.m2\repository\org\eclipse\angus\angus-activation\2.0.2\angus-activation-2.0.2.jar;C:\Users\PMLS\.m2\repository\org\glassfish\jaxb\txw2\4.0.5\txw2-4.0.5.jar;C:\Users\PMLS\.m2\repository\com\sun\istack\istack-commons-runtime\4.1.2\istack-commons-runtime-4.1.2.jar;C:\Users\PMLS\.m2\repository\jakarta\inject\jakarta.inject-api\2.0.1\jakarta.inject-api-2.0.1.jar;C:\Users\PMLS\.m2\repository\org\antlr\antlr4-runtime\4.13.0\antlr4-runtime-4.13.0.jar;C:\Users\PMLS\.m2\repository\org\springframework\data\spring-data-jpa\3.3.5\spring-data-jpa-3.3.5.jar;C:\Users\PMLS\.m2\repository\org\springframework\data\spring-data-commons\3.3.5\spring-data-commons-3.3.5.jar;C:\Users\PMLS\.m2\repository\org\springframework\spring-orm\6.1.14\spring-orm-6.1.14.jar;C:\Users\PMLS\.m2\repository\org\springframework\spring-context\6.1.14\spring-context-6.1.14.jar;C:\Users\PMLS\.m2\repository\org\springframework\spring-tx\6.1.14\spring-tx-6.1.14.jar;C:\Users\PMLS\.m2\repository\org\springframework\spring-beans\6.1.14\spring-beans-6.1.14.jar;C:\Users\PMLS\.m2\repository\jakarta\annotation\jakarta.annotation-api\2.1.1\jakarta.annotation-api-2.1.1.jar;C:\Users\PMLS\.m2\repository\org\slf4j\slf4j-api\2.0.16\slf4j-api-2.0.16.jar;C:\Users\PMLS\.m2\repository\org\springframework\spring-aspects\6.1.14\spring-aspects-6.1.14.jar;C:\Users\PMLS\.m2\repository\org\springframework\boot\spring-boot-starter-oauth2-resource-server\3.3.5\spring-boot-starter-oauth2-resource-server-3.3.5.jar;C:\Users\PMLS\.m2\repository\org\springframework\boot\spring-boot-starter\3.3.5\spring-boot-starter-3.3.5.jar;C:\Users\PMLS\.m2\repository\org\springframework\boot\spring-boot-starter-logging\3.3.5\spring-boot-starter-logging-3.3.5.jar;C:\Users\PMLS\.m2\repository\ch\qos\logback\logback-classic\1.5.11\logback-classic-1.5.11.jar;C:\Users\PMLS\.m2\repository\ch\qos\logback\logback-core\1.5.11\logback-core-1.5.11.jar;C:\Users\PMLS\.m2\repository\org\apache\logging\log4j\log4j-to-slf4j\2.23.1\log4j-to-slf4j-2.23.1.jar;C:\Users\PMLS\.m2\repository\org\apache\logging\log4j\log4j-api\2.23.1\log4j-api-2.23.1.jar;C:\Users\PMLS\.m2\repository\org\slf4j\jul-to-slf4j\2.0.16\jul-to-slf4j-2.0.16.jar;C:\Users\PMLS\.m2\repository\org\yaml\snakeyaml\2.2\snakeyaml-2.2.jar;C:\Users\PMLS\.m2\repository\org\springframework\security\spring-security-config\6.3.4\spring-security-config-6.3.4.jar;C:\Users\PMLS\.m2\repository\org\springframework\security\spring-security-core\6.3.4\spring-security-core-6.3.4.jar;C:\Users\PMLS\.m2\repository\org\springframework\security\spring-security-crypto\6.3.4\spring-security-crypto-6.3.4.jar;C:\Users\PMLS\.m2\repository\org\springframework\spring-expression\6.1.14\spring-expression-6.1.14.jar;C:\Users\PMLS\.m2\repository\org\springframework\security\spring-security-oauth2-resource-server\6.3.4\spring-security-oauth2-resource-server-6.3.4.jar;C:\Users\PMLS\.m2\repository\org\springframework\security\spring-security-oauth2-core\6.3.4\spring-security-oauth2-core-6.3.4.jar;C:\Users\PMLS\.m2\repository\org\springframework\security\spring-security-web\6.3.4\spring-security-web-6.3.4.jar;C:\Users\PMLS\.m2\repository\org\springframework\security\spring-security-oauth2-jose\6.3.4\spring-security-oauth2-jose-6.3.4.jar;C:\Users\PMLS\.m2\repository\com\nimbusds\nimbus-jose-jwt\9.37.3\nimbus-jose-jwt-9.37.3.jar;C:\Users\PMLS\.m2\repository\com\github\stephenc\jcip\jcip-annotations\1.0-1\jcip-annotations-1.0-1.jar;C:\Users\PMLS\.m2\repository\org\springframework\boot\spring-boot-starter-web\3.3.5\spring-boot-starter-web-3.3.5.jar;C:\Users\PMLS\.m2\repository\org\springframework\boot\spring-boot-starter-json\3.3.5\spring-boot-starter-json-3.3.5.jar;C:\Users\PMLS\.m2\repository\com\fasterxml\jackson\core\jackson-databind\2.17.2\jackson-databind-2.17.2.jar;C:\Users\PMLS\.m2\repository\com\fasterxml\jackson\core\jackson-annotations\2.17.2\jackson-annotations-2.17.2.jar;C:\Users\PMLS\.m2\repository\com\fasterxml\jackson\core\jackson-core\2.17.2\jackson-core-2.17.2.jar;C:\Users\PMLS\.m2\repository\com\fasterxml\jackson\datatype\jackson-datatype-jdk8\2.17.2\jackson-datatype-jdk8-2.17.2.jar;C:\Users\PMLS\.m2\repository\com\fasterxml\jackson\datatype\jackson-datatype-jsr310\2.17.2\jackson-datatype-jsr310-2.17.2.jar;C:\Users\PMLS\.m2\repository\com\fasterxml\jackson\module\jackson-module-parameter-names\2.17.2\jackson-module-parameter-names-2.17.2.jar;C:\Users\PMLS\.m2\repository\org\springframework\boot\spring-boot-starter-tomcat\3.3.5\spring-boot-starter-tomcat-3.3.5.jar;C:\Users\PMLS\.m2\repository\org\apache\tomcat\embed\tomcat-embed-core\10.1.31\tomcat-embed-core-10.1.31.jar;C:\Users\PMLS\.m2\repository\org\apache\tomcat\embed\tomcat-embed-websocket\10.1.31\tomcat-embed-websocket-10.1.31.jar;C:\Users\PMLS\.m2\repository\org\springframework\spring-web\6.1.14\spring-web-6.1.14.jar;C:\Users\PMLS\.m2\repository\org\springframework\spring-webmvc\6.1.14\spring-webmvc-6.1.14.jar;C:\Users\PMLS\.m2\repository\org\springframework\boot\spring-boot-devtools\3.3.5\spring-boot-devtools-3.3.5.jar;C:\Users\PMLS\.m2\repository\org\springframework\boot\spring-boot\3.3.5\spring-boot-3.3.5.jar;C:\Users\PMLS\.m2\repository\org\springframework\boot\spring-boot-autoconfigure\3.3.5\spring-boot-autoconfigure-3.3.5.jar;C:\Users\PMLS\.m2\repository\org\springframework\boot\spring-boot-starter-validation\3.3.5\spring-boot-starter-validation-3.3.5.jar;C:\Users\PMLS\.m2\repository\org\apache\tomcat\embed\tomcat-embed-el\10.1.31\tomcat-embed-el-10.1.31.jar;C:\Users\PMLS\.m2\repository\org\hibernate\validator\hibernate-validator\8.0.1.Final\hibernate-validator-8.0.1.Final.jar;C:\Users\PMLS\.m2\repository\jakarta\validation\jakarta.validation-api\3.0.2\jakarta.validation-api-3.0.2.jar;C:\Users\PMLS\.m2\repository\com\squareup\okhttp3\okhttp\4.9.3\okhttp-4.9.3.jar;C:\Users\PMLS\.m2\repository\com\squareup\okio\okio\2.8.0\okio-2.8.0.jar;C:\Users\PMLS\.m2\repository\org\jetbrains\kotlin\kotlin-stdlib-common\1.9.25\kotlin-stdlib-common-1.9.25.jar;C:\Users\PMLS\.m2\repository\org\jetbrains\kotlin\kotlin-stdlib\1.9.25\kotlin-stdlib-1.9.25.jar;C:\Users\PMLS\.m2\repository\org\jetbrains\annotations\13.0\annotations-13.0.jar;C:\Users\PMLS\.m2\repository\com\mysql\mysql-connector-j\8.3.0\mysql-connector-j-8.3.0.jar;C:\Users\PMLS\.m2\repository\org\projectlombok\lombok\1.18.34\lombok-1.18.34.jar;C:\Users\PMLS\.m2\repository\jakarta\xml\bind\jakarta.xml.bind-api\4.0.2\jakarta.xml.bind-api-4.0.2.jar;C:\Users\PMLS\.m2\repository\jakarta\activation\jakarta.activation-api\2.1.3\jakarta.activation-api-2.1.3.jar;C:\Users\PMLS\.m2\repository\org\springframework\spring-core\6.1.14\spring-core-6.1.14.jar;C:\Users\PMLS\.m2\repository\org\springframework\spring-jcl\6.1.14\spring-jcl-6.1.14.jar;C:\Users\PMLS\.m2\repository\org\springframework\boot\spring-boot-starter-actuator\3.3.5\spring-boot-starter-actuator-3.3.5.jar;C:\Users\PMLS\.m2\repository\org\springframework\boot\spring-boot-actuator-autoconfigure\3.3.5\spring-boot-actuator-autoconfigure-3.3.5.jar;C:\Users\PMLS\.m2\repository\org\springframework\boot\spring-boot-actuator\3.3.5\spring-boot-actuator-3.3.5.jar;C:\Users\PMLS\.m2\repository\io\micrometer\micrometer-observation\1.13.6\micrometer-observation-1.13.6.jar;C:\Users\PMLS\.m2\repository\io\micrometer\micrometer-commons\1.13.6\micrometer-commons-1.13.6.jar;C:\Users\PMLS\.m2\repository\io\micrometer\micrometer-jakarta9\1.13.6\micrometer-jakarta9-1.13.6.jar;C:\Users\PMLS\.m2\repository\io\micrometer\micrometer-core\1.13.6\micrometer-core-1.13.6.jar;C:\Users\PMLS\.m2\repository\org\hdrhistogram\HdrHistogram\2.2.2\HdrHistogram-2.2.2.jar;C:\Users\PMLS\.m2\repository\org\latencyutils\LatencyUtils\2.0.3\LatencyUtils-2.0.3.jar;C:\Users\PMLS\.m2\repository\com\vaadin\external\google\android-json\0.0.20131108.vaadin1\android-json-0.0.20131108.vaadin1.jar;C:\Program Files\JetBrains\IntelliJ IDEA 2024.3\lib\idea_rt.jar
Launcher Type: SUN_STANDARD

[Global flags]
     intx CICompilerCount                          = 4                                         {product} {ergonomic}
     uint ConcGCThreads                            = 3                                         {product} {ergonomic}
     uint G1ConcRefinementThreads                  = 10                                        {product} {ergonomic}
   size_t G1HeapRegionSize                         = 1048576                                   {product} {ergonomic}
    uintx GCDrainStackTargetSize                   = 64                                        {product} {ergonomic}
   size_t InitialHeapSize                          = 130023424                                 {product} {ergonomic}
     bool ManagementServer                         = true                                      {product} {command line}
   size_t MarkStackSize                            = 4194304                                   {product} {ergonomic}
   size_t MaxHeapSize                              = 2076180480                                {product} {ergonomic}
   size_t MaxNewSize                               = 1245708288                                {product} {ergonomic}
   size_t MinHeapDeltaBytes                        = 1048576                                   {product} {ergonomic}
   size_t MinHeapSize                              = 8388608                                   {product} {ergonomic}
    uintx NonNMethodCodeHeapSize                   = 4096                                   {pd product} {ergonomic}
    uintx NonProfiledCodeHeapSize                  = 0                                      {pd product} {ergonomic}
     bool ProfileInterpreter                       = false                                  {pd product} {command line}
    uintx ProfiledCodeHeapSize                     = 0                                      {pd product} {ergonomic}
   size_t SoftMaxHeapSize                          = 2076180480                             {manageable} {ergonomic}
     intx TieredStopAtLevel                        = 1                                         {product} {command line}
     bool UseCompressedOops                        = true                           {product lp64_product} {ergonomic}
     bool UseG1GC                                  = true                                      {product} {ergonomic}
     bool UseLargePagesIndividualAllocation        = false                                  {pd product} {ergonomic}

Logging:
Log output configuration:
 #0: stdout all=warning uptime,level,tags foldmultilines=false
 #1: stderr all=off uptime,level,tags foldmultilines=false

Environment Variables:
JAVA_HOME=C:\Program Files\Java\jdk-17
PATH=C:\Program Files\Common Files\Oracle\Java\javapath;C:\Program Files (x86)\Common Files\Oracle\Java\java8path;C:\Program Files (x86)\Common Files\Oracle\Java\javapath;C:\Python312\Scripts\;C:\Python312\;C:\Windows\system32;C:\Windows;C:\Windows\System32\Wbem;C:\Windows\System32\WindowsPowerShell\v1.0\;C:\Windows\System32\OpenSSH\;C:\ProgramData\chocolatey\bin;C:\Program Files\MySQL\MySQL Server 8.3\bin;C:\Program Files\Java\jdk1.8.0_202;C:\ProgramData\chocolatey\lib\maven\apache-maven-3.9.6\bin;C:\Mine\ALI RAZA\Tail\JAVA\Java Resources\spring-3.2.3\bin;C:\Users\PMLS\AppData\Roaming\nvm;C:\nvm4w\nodejs;C:\Program Files\Git\cmd;C:\Users\PMLS\AppData\Roaming\nvm;C:\nvm4w\nodejs;C:\Users\PMLS\AppData\Roaming\nvm;C:\nvm4w\nodejs;C:\Users\PMLS\AppData\Roaming\nvm;%NVM_SYMLI;C:\Program Files\Docker\Docker\resources\bin;;C:\mongodb\bin;C:\Program Files\MySQL\MySQL Shell 8.0\bin\;C:\Users\PMLS\AppData\Local\Microsoft\WindowsApps;C:\Program Files\JetBrains\IntelliJ IDEA 2023.2.5\bin;C:\Users\PMLS\AppData\Local\Programs\Microsoft VS Code\bin;C:\Program Files\Azure Data Studio\bin;C:\Users\PMLS\.dotnet\tools;C:\Users\PMLS\AppData\Local\JetBrains\Toolbox\scripts;C:\Program Files\Java\jdk1.8.0_202\bin;C:\Program Files\JetBrains\PyCharm 2023.3.4\bin;;c:\users\pmls\.local\bin;c:\users\pmls\appdata\roaming\python\python312\scripts;C:\Program Files\JetBrains\IntelliJ IDEA Community Edition 2024.1\bin;;C:\Users\PMLS\AppData\Roaming\nvm;C:\nvm4w\nodejs;C:\Program Files\JetBrains\IntelliJ IDEA 2024.3\bin;;C:\Users\PMLS\AppData\Roaming\npm;C:\Program Files\JetBrains\WebStorm 2024.3\bin;;
USERNAME=PMYLS
OS=Windows_NT
PROCESSOR_IDENTIFIER=Intel64 Family 6 Model 154 Stepping 4, GenuineIntel
TMP=C:\Users\PMLS\AppData\Local\Temp
TEMP=C:\Users\PMLS\AppData\Local\Temp




Periodic native trim disabled

JNI global refs:
JNI global refs: 64, weak refs: 17030

JNI global refs memory usage: 1531, weak refs: 174241

Process memory usage:
Resident Set Size: 228016K (2% of 8106488K total physical memory with 109364K free physical memory)

OOME stack traces (most recent first):
Classloader memory used:
Loader jdk.internal.loader.ClassLoaders$AppClassLoader                                 : 80469K
Loader bootstrap                                                                       : 20908K
Loader org.springframework.boot.devtools.restart.classloader.RestartClassLoader        : 1145K
Loader jdk.internal.loader.ClassLoaders$PlatformClassLoader                            : 843K
Loader sun.reflect.misc.MethodUtil                                                     : 3072B
Loader net.bytebuddy.utility.dispatcher.JavaDispatcher$DynamicClassLoader              : 1920B

Classes loaded by more than one classloader:
Class com.pos.be.BeApplication                                                        : loaded 2 times (x 67B)

---------------  S Y S T E M  ---------------

OS:
 Windows 10 , 64 bit Build 19041 (10.0.19041.5678)
OS uptime: 0 days 13:04 hours
Hyper-V role detected

CPU: total 12 (initial active 12) (6 cores per cpu, 2 threads per core) family 6 model 154 stepping 4 microcode 0x424, cx8, cmov, fxsr, ht, mmx, 3dnowpref, sse, sse2, sse3, ssse3, sse4.1, sse4.2, popcnt, lzcnt, tsc, tscinvbit, avx, avx2, aes, erms, clmul, bmi1, bmi2, adx, sha, fma, vzeroupper, clflush, clflushopt, clwb, hv, rdtscp, rdpid, fsrm, f16c, cet_ibt, cet_ss
Processor Information for processor 0
  Max Mhz: 1300, Current Mhz: 1300, Mhz Limit: 1300
Processor Information for processor 1
  Max Mhz: 1300, Current Mhz: 1300, Mhz Limit: 1300
Processor Information for processor 2
  Max Mhz: 1300, Current Mhz: 1300, Mhz Limit: 1300
Processor Information for processor 3
  Max Mhz: 1300, Current Mhz: 1300, Mhz Limit: 1300
Processor Information for processor 4
  Max Mhz: 900, Current Mhz: 900, Mhz Limit: 900
Processor Information for processor 5
  Max Mhz: 900, Current Mhz: 900, Mhz Limit: 900
Processor Information for processor 6
  Max Mhz: 900, Current Mhz: 900, Mhz Limit: 900
Processor Information for processor 7
  Max Mhz: 900, Current Mhz: 900, Mhz Limit: 900
Processor Information for processor 8
  Max Mhz: 900, Current Mhz: 900, Mhz Limit: 900
Processor Information for processor 9
  Max Mhz: 900, Current Mhz: 900, Mhz Limit: 900
Processor Information for processor 10
  Max Mhz: 900, Current Mhz: 900, Mhz Limit: 900
Processor Information for processor 11
  Max Mhz: 900, Current Mhz: 900, Mhz Limit: 900

Memory: 4k page, system-wide physical 7916M (74M free)
TotalPageFile size 32492M (AvailPageFile size 0M)
current process WorkingSet (physical memory assigned to process): 247M, peak: 496M
current process commit charge ("private bytes"): 536M, peak: 700M

vm_info: OpenJDK 64-Bit Server VM (21.0.5+8-b631.16) for windows-amd64 JRE (21.0.5+8-b631.16), built on 2024-11-02 by "builduser" with MS VC++ 16.10 / 16.11 (VS2019)

END.
